[    0.000000] Initializing cgroup subsys cpuset
[    0.000000] Initializing cgroup subsys cpu
[    0.000000] Initializing cgroup subsys cpuacct
[    0.000000] Linux version 4.4.0-146-generic (buildd@lcy01-amd64-025) (gcc version 5.4.0 20160609 (Ubuntu 5.4.0-6ubuntu1~16.04.10) ) #172-Ubuntu SMP Wed Apr 3 09:00:08 UTC 2019 (Ubuntu 4.4.0-146.172-generic 4.4.177)
[    0.000000] Command line: BOOT_IMAGE=/boot/vmlinuz-4.4.0-146-generic root=LABEL=cloudimg-rootfs ro console=tty1 console=ttyS0
[    0.000000] KERNEL supported cpus:
[    0.000000]   Intel GenuineIntel
[    0.000000]   AMD AuthenticAMD
[    0.000000]   Centaur CentaurHauls
[    0.000000] x86/fpu: xstate_offset[2]:  576, xstate_sizes[2]:  256
[    0.000000] x86/fpu: Supporting XSAVE feature 0x01: 'x87 floating point registers'
[    0.000000] x86/fpu: Supporting XSAVE feature 0x02: 'SSE registers'
[    0.000000] x86/fpu: Supporting XSAVE feature 0x04: 'AVX registers'
[    0.000000] x86/fpu: Enabled xstate features 0x7, context size is 832 bytes, using 'standard' format.
[    0.000000] e820: BIOS-provided physical RAM map:
[    0.000000] BIOS-e820: [mem 0x0000000000000000-0x000000000009fbff] usable
[    0.000000] BIOS-e820: [mem 0x000000000009fc00-0x000000000009ffff] reserved
[    0.000000] BIOS-e820: [mem 0x00000000000f0000-0x00000000000fffff] reserved
[    0.000000] BIOS-e820: [mem 0x0000000000100000-0x000000003ffeffff] usable
[    0.000000] BIOS-e820: [mem 0x000000003fff0000-0x000000003fffffff] ACPI data
[    0.000000] BIOS-e820: [mem 0x00000000fec00000-0x00000000fec00fff] reserved
[    0.000000] BIOS-e820: [mem 0x00000000fee00000-0x00000000fee00fff] reserved
[    0.000000] BIOS-e820: [mem 0x00000000fffc0000-0x00000000ffffffff] reserved
[    0.000000] NX (Execute Disable) protection: active
[    0.000000] SMBIOS 2.5 present.
[    0.000000] Hypervisor detected: KVM
[    0.000000] e820: last_pfn = 0x3fff0 max_arch_pfn = 0x400000000
[    0.000000] MTRR: Disabled
[    0.000000] x86/PAT: MTRRs disabled, skipping PAT initialization too.
[    0.000000] CPU MTRRs all blank - virtualized system.
[    0.000000] x86/PAT: Configuration [0-7]: WB  WT  UC- UC  WB  WT  UC- UC  
[    0.000000] found SMP MP-table at [mem 0x0009fff0-0x0009ffff] mapped at [ffff88000009fff0]
[    0.000000] Scanning 1 areas for low memory corruption
[    0.000000] RAMDISK: [mem 0x362fa000-0x37174fff]
[    0.000000] ACPI: Early table checksum verification disabled
[    0.000000] ACPI: RSDP 0x00000000000E0000 000024 (v02 VBOX  )
[    0.000000] ACPI: XSDT 0x000000003FFF0030 00003C (v01 VBOX   VBOXXSDT 00000001 ASL  00000061)
[    0.000000] ACPI: FACP 0x000000003FFF00F0 0000F4 (v04 VBOX   VBOXFACP 00000001 ASL  00000061)
[    0.000000] ACPI: DSDT 0x000000003FFF0470 0022EA (v02 VBOX   VBOXBIOS 00000002 INTL 20100528)
[    0.000000] ACPI: FACS 0x000000003FFF0200 000040
[    0.000000] ACPI: FACS 0x000000003FFF0200 000040
[    0.000000] ACPI: APIC 0x000000003FFF0240 00005C (v02 VBOX   VBOXAPIC 00000001 ASL  00000061)
[    0.000000] ACPI: SSDT 0x000000003FFF02A0 0001CC (v01 VBOX   VBOXCPUT 00000002 INTL 20100528)
[    0.000000] No NUMA configuration found
[    0.000000] Faking a node at [mem 0x0000000000000000-0x000000003ffeffff]
[    0.000000] NODE_DATA(0) allocated [mem 0x3ffeb000-0x3ffeffff]
[    0.000000] kvm-clock: Using msrs 4b564d01 and 4b564d00
[    0.000000] kvm-clock: cpu 0, msr 0:3ffe3001, primary cpu clock
[    0.000000] kvm-clock: using sched offset of 8616820854 cycles
[    0.000000] clocksource: kvm-clock: mask: 0xffffffffffffffff max_cycles: 0x1cd42e4dffb, max_idle_ns: 881590591483 ns
[    0.000000] Zone ranges:
[    0.000000]   DMA      [mem 0x0000000000001000-0x0000000000ffffff]
[    0.000000]   DMA32    [mem 0x0000000001000000-0x000000003ffeffff]
[    0.000000]   Normal   empty
[    0.000000]   Device   empty
[    0.000000] Movable zone start for each node
[    0.000000] Early memory node ranges
[    0.000000]   node   0: [mem 0x0000000000001000-0x000000000009efff]
[    0.000000]   node   0: [mem 0x0000000000100000-0x000000003ffeffff]
[    0.000000] Initmem setup node 0 [mem 0x0000000000001000-0x000000003ffeffff]
[    0.000000] ACPI: PM-Timer IO Port: 0x4008
[    0.000000] IOAPIC[0]: apic_id 2, version 32, address 0xfec00000, GSI 0-23
[    0.000000] ACPI: INT_SRC_OVR (bus 0 bus_irq 0 global_irq 2 dfl dfl)
[    0.000000] ACPI: INT_SRC_OVR (bus 0 bus_irq 9 global_irq 9 low level)
[    0.000000] Using ACPI (MADT) for SMP configuration information
[    0.000000] smpboot: Allowing 2 CPUs, 0 hotplug CPUs
[    0.000000] PM: Registered nosave memory: [mem 0x00000000-0x00000fff]
[    0.000000] PM: Registered nosave memory: [mem 0x0009f000-0x0009ffff]
[    0.000000] PM: Registered nosave memory: [mem 0x000a0000-0x000effff]
[    0.000000] PM: Registered nosave memory: [mem 0x000f0000-0x000fffff]
[    0.000000] e820: [mem 0x40000000-0xfebfffff] available for PCI devices
[    0.000000] Booting paravirtualized kernel on KVM
[    0.000000] clocksource: refined-jiffies: mask: 0xffffffff max_cycles: 0xffffffff, max_idle_ns: 7645519600211568 ns
[    0.000000] setup_percpu: NR_CPUS:512 nr_cpumask_bits:512 nr_cpu_ids:2 nr_node_ids:1
[    0.000000] PERCPU: Embedded 34 pages/cpu @ffff88003fc00000 s99480 r8192 d31592 u1048576
[    0.000000] Built 1 zonelists in Node order, mobility grouping on.  Total pages: 257912
[    0.000000] Policy zone: DMA32
[    0.000000] Kernel command line: BOOT_IMAGE=/boot/vmlinuz-4.4.0-146-generic root=LABEL=cloudimg-rootfs ro console=tty1 console=ttyS0
[    0.000000] PID hash table entries: 4096 (order: 3, 32768 bytes)
[    0.000000] Memory: 997732K/1048120K available (8609K kernel code, 1334K rwdata, 4028K rodata, 1484K init, 1284K bss, 50388K reserved, 0K cma-reserved)
[    0.000000] SLUB: HWalign=64, Order=0-3, MinObjects=0, CPUs=2, Nodes=1
[    0.000000] Kernel/User page tables isolation: enabled
[    0.000000] Hierarchical RCU implementation.
[    0.000000] 	Build-time adjustment of leaf fanout to 64.
[    0.000000] 	RCU restricting CPUs from NR_CPUS=512 to nr_cpu_ids=2.
[    0.000000] RCU: Adjusting geometry for rcu_fanout_leaf=64, nr_cpu_ids=2
[    0.000000] NR_IRQS:33024 nr_irqs:440 16
[    0.000000] Console: colour VGA+ 80x25
[    0.000000] console [tty1] enabled
[    0.000000] console [ttyS0] enabled
[    0.000000] tsc: Detected 1599.999 MHz processor
[    0.303372] Calibrating delay loop (skipped) preset value.. 3199.99 BogoMIPS (lpj=6399996)
[    0.307759] pid_max: default: 32768 minimum: 301
[    0.309975] ACPI: Core revision 20150930
[    0.313078] ACPI: 2 ACPI AML tables successfully acquired and loaded
[    0.316321] Security Framework initialized
[    0.318730] Yama: becoming mindful.
[    0.320794] AppArmor: AppArmor initialized
[    0.323345] Dentry cache hash table entries: 131072 (order: 8, 1048576 bytes)
[    0.329058] Inode-cache hash table entries: 65536 (order: 7, 524288 bytes)
[    0.331656] Mount-cache hash table entries: 2048 (order: 2, 16384 bytes)
[    0.334056] Mountpoint-cache hash table entries: 2048 (order: 2, 16384 bytes)
[    0.337818] Initializing cgroup subsys io
[    0.339739] Initializing cgroup subsys memory
[    0.341335] Initializing cgroup subsys devices
[    0.342990] Initializing cgroup subsys freezer
[    0.344860] Initializing cgroup subsys net_cls
[    0.346653] Initializing cgroup subsys perf_event
[    0.348272] Initializing cgroup subsys net_prio
[    0.349945] Initializing cgroup subsys hugetlb
[    0.352412] Initializing cgroup subsys pids
[    0.355497] mce: CPU supports 0 MCE banks
[    0.357213] Last level iTLB entries: 4KB 64, 2MB 8, 4MB 8
[    0.359353] Last level dTLB entries: 4KB 64, 2MB 0, 4MB 0, 1GB 4
[    0.361422] Spectre V2 : Mitigation: Full generic retpoline
[    0.363374] Spectre V2 : Spectre v2 / SpectreRSB mitigation: Filling RSB on context switch
[    0.366715] Speculative Store Bypass: Vulnerable
[    0.372021] Freeing SMP alternatives memory: 36K
[    0.380727] ftrace: allocating 32287 entries in 127 pages
[    0.455804] smpboot: APIC(0) Converting physical 0 to logical package 0
[    0.458868] smpboot: Max logical packages: 1
[    0.461200] x2apic enabled
[    0.462908] Switched APIC routing to physical x2apic.
[    0.466623] ..TIMER: vector=0x30 apic1=0 pin1=2 apic2=-1 pin2=-1
[    0.574311] smpboot: CPU0: Intel(R) Core(TM) i5-5250U CPU @ 1.60GHz (family: 0x6, model: 0x3d, stepping: 0x4)
[    0.580669] Performance Events: unsupported p6 CPU model 61 no PMU driver, software events only.
[    0.598300] KVM setup paravirtual spinlock
[    0.601270] x86: Booting SMP configuration:
[    0.603363] .... node  #0, CPUs:      #1
[    0.605506] kvm-clock: cpu 1, msr 0:3ffe3041, secondary cpu clock
[    0.609312] mce: CPU supports 0 MCE banks
[    0.613096] x86: Booted up 1 node, 2 CPUs
[    0.615380] smpboot: Total of 2 processors activated (6399.99 BogoMIPS)
[    0.619385] devtmpfs: initialized
[    0.622425] evm: security.selinux
[    0.623666] evm: security.SMACK64
[    0.625037] evm: security.SMACK64EXEC
[    0.626919] evm: security.SMACK64TRANSMUTE
[    0.628866] evm: security.SMACK64MMAP
[    0.630888] evm: security.ima
[    0.632356] evm: security.capability
[    0.634569] clocksource: jiffies: mask: 0xffffffff max_cycles: 0xffffffff, max_idle_ns: 7645041785100000 ns
[    0.639279] futex hash table entries: 512 (order: 3, 32768 bytes)
[    0.642310] pinctrl core: initialized pinctrl subsystem
[    0.645096] RTC time: 16:03:22, date: 05/31/19
[    0.647520] NET: Registered protocol family 16
[    0.662827] cpuidle: using governor ladder
[    0.675190] cpuidle: using governor menu
[    0.677126] PCCT header not found.
[    0.678997] ACPI: bus type PCI registered
[    0.681011] acpiphp: ACPI Hot Plug PCI Controller Driver version: 0.5
[    0.684280] PCI: Using configuration type 1 for base access
[    0.699498] ACPI: Added _OSI(Module Device)
[    0.701607] ACPI: Added _OSI(Processor Device)
[    0.703785] ACPI: Added _OSI(3.0 _SCP Extensions)
[    0.706912] ACPI: Added _OSI(Processor Aggregator Device)
[    0.711490] ACPI: Executed 1 blocks of module-level executable AML code
[    0.721460] ACPI: Interpreter enabled
[    0.723323] ACPI: (supports S0 S5)
[    0.725454] ACPI: Using IOAPIC for interrupt routing
[    0.728077] PCI: Using host bridge windows from ACPI; if necessary, use "pci=nocrs" and report a bug
[    0.738799] ACPI: PCI Root Bridge [PCI0] (domain 0000 [bus 00-ff])
[    0.741827] acpi PNP0A03:00: _OSC: OS supports [ASPM ClockPM Segments MSI]
[    0.745560] acpi PNP0A03:00: _OSC: not requesting OS control; OS requires [ExtendedConfig ASPM ClockPM MSI]
[    0.750361] acpi PNP0A03:00: fail to add MMCONFIG information, can't access extended PCI configuration space under this bridge.
[    0.756643] PCI host bridge to bus 0000:00
[    0.758753] pci_bus 0000:00: root bus resource [io  0x0000-0x0cf7 window]
[    0.762055] pci_bus 0000:00: root bus resource [io  0x0d00-0xffff window]
[    0.765099] pci_bus 0000:00: root bus resource [mem 0x000a0000-0x000bffff window]
[    0.768870] pci_bus 0000:00: root bus resource [mem 0x40000000-0xfdffffff window]
[    0.772611] pci_bus 0000:00: root bus resource [bus 00-ff]
[    0.779779] pci 0000:00:01.1: legacy IDE quirk: reg 0x10: [io  0x01f0-0x01f7]
[    0.783091] pci 0000:00:01.1: legacy IDE quirk: reg 0x14: [io  0x03f6]
[    0.786602] pci 0000:00:01.1: legacy IDE quirk: reg 0x18: [io  0x0170-0x0177]
[    0.790244] pci 0000:00:01.1: legacy IDE quirk: reg 0x1c: [io  0x0376]
[    0.823692] pci 0000:00:07.0: quirk: [io  0x4000-0x403f] claimed by PIIX4 ACPI
[    0.826840] pci 0000:00:07.0: quirk: [io  0x4100-0x410f] claimed by PIIX4 SMB
[    0.858969] ACPI: PCI Interrupt Link [LNKA] (IRQs 5 9 10 *11)
[    0.862139] ACPI: PCI Interrupt Link [LNKB] (IRQs 5 9 *10 11)
[    0.864785] ACPI: PCI Interrupt Link [LNKC] (IRQs 5 *9 10 11)
[    0.867787] ACPI: PCI Interrupt Link [LNKD] (IRQs 5 9 10 *11)
[    0.870731] ACPI: Enabled 2 GPEs in block 00 to 07
[    0.872938] vgaarb: setting as boot device: PCI:0000:00:02.0
[    0.875292] vgaarb: device added: PCI:0000:00:02.0,decodes=io+mem,owns=io+mem,locks=none
[    0.878208] vgaarb: loaded
[    0.879322] vgaarb: bridge control possible 0000:00:02.0
[    0.881403] SCSI subsystem initialized
[    0.883200] ACPI: bus type USB registered
[    0.884999] usbcore: registered new interface driver usbfs
[    0.887187] usbcore: registered new interface driver hub
[    0.889159] usbcore: registered new device driver usb
[    0.891387] PCI: Using ACPI for IRQ routing
[    0.893404] NetLabel: Initializing
[    0.894779] NetLabel:  domain hash size = 128
[    0.896329] NetLabel:  protocols = UNLABELED CIPSOv4
[    0.900735] NetLabel:  unlabeled traffic allowed by default
[    0.903211] amd_nb: Cannot enumerate AMD northbridges
[    0.905754] clocksource: Switched to clocksource kvm-clock
[    0.919917] AppArmor: AppArmor Filesystem Enabled
[    0.922223] pnp: PnP ACPI init
[    0.925444] pnp: PnP ACPI: found 3 devices
[    0.937259] clocksource: acpi_pm: mask: 0xffffff max_cycles: 0xffffff, max_idle_ns: 2085701024 ns
[    0.941485] NET: Registered protocol family 2
[    0.943886] TCP established hash table entries: 8192 (order: 4, 65536 bytes)
[    0.946797] TCP bind hash table entries: 8192 (order: 5, 131072 bytes)
[    0.949073] TCP: Hash tables configured (established 8192 bind 8192)
[    0.951698] UDP hash table entries: 512 (order: 2, 16384 bytes)
[    0.954601] UDP-Lite hash table entries: 512 (order: 2, 16384 bytes)
[    0.957560] NET: Registered protocol family 1
[    0.959522] pci 0000:00:00.0: Limiting direct PCI/PCI transfers
[    0.961876] pci 0000:00:01.0: Activating ISA DMA hang workarounds
[    0.964410] Unpacking initramfs...
[    1.324477] Freeing initrd memory: 14828K
[    1.326674] RAPL PMU detected, API unit is 2^-32 Joules, 4 fixed counters 10737418240 ms ovfl timer
[    1.330939] hw unit of domain pp0-core 2^-0 Joules
[    1.333163] hw unit of domain package 2^-0 Joules
[    1.335702] hw unit of domain dram 2^-0 Joules
[    1.337838] hw unit of domain pp1-gpu 2^-0 Joules
[    1.340304] platform rtc_cmos: registered platform RTC device (no PNP device found)
[    1.344046] Scanning for low memory corruption every 60 seconds
[    1.347320] audit: initializing netlink subsys (disabled)
[    1.350050] audit: type=2000 audit(1559318612.360:1): initialized
[    1.353242] Initialise system trusted keyring
[    1.356330] HugeTLB registered 2 MB page size, pre-allocated 0 pages
[    1.361393] zbud: loaded
[    1.363462] VFS: Disk quotas dquot_6.6.0
[    1.366391] VFS: Dquot-cache hash table entries: 512 (order 0, 4096 bytes)
[    1.369867] squashfs: version 4.0 (2009/01/31) Phillip Lougher
[    1.373385] fuse init (API version 7.23)
[    1.375533] Key type big_key registered
[    1.377413] Allocating IMA MOK and blacklist keyrings.
[    1.381538] Key type asymmetric registered
[    1.383566] Asymmetric key parser 'x509' registered
[    1.385859] Block layer SCSI generic (bsg) driver version 0.4 loaded (major 249)
[    1.389141] io scheduler noop registered
[    1.390693] io scheduler deadline registered (default)
[    1.392642] io scheduler cfq registered
[    1.394235] pci_hotplug: PCI Hot Plug PCI Core version: 0.5
[    1.396883] pciehp: PCI Express Hot Plug Controller Driver version: 0.4
[    1.400438] ACPI: AC Adapter [AC] (off-line)
[    1.402604] input: Power Button as /devices/LNXSYSTM:00/LNXPWRBN:00/input/input0
[    1.405884] ACPI: Power Button [PWRF]
[    1.407456] input: Sleep Button as /devices/LNXSYSTM:00/LNXSLPBN:00/input/input1
[    1.410144] ACPI: Sleep Button [SLPF]
[    1.413930] GHES: HEST is not enabled!
[    1.413972] ACPI: Battery Slot [BAT0] (battery present)
[    1.418793] Serial: 8250/16550 driver, 32 ports, IRQ sharing enabled
[    1.451784] 00:02: ttyS0 at I/O 0x3f8 (irq = 4, base_baud = 115200) is a 16550A
[    1.460643] Linux agpgart interface v0.103
[    1.465979] loop: module loaded
[    1.468349] scsi host0: ata_piix
[    1.470387] scsi host1: ata_piix
[    1.472023] ata1: PATA max UDMA/33 cmd 0x1f0 ctl 0x3f6 bmdma 0xd000 irq 14
[    1.475263] ata2: PATA max UDMA/33 cmd 0x170 ctl 0x376 bmdma 0xd008 irq 15
[    1.478715] libphy: Fixed MDIO Bus: probed
[    1.480788] tun: Universal TUN/TAP device driver, 1.6
[    1.483347] tun: (C) 1999-2004 Max Krasnyansky <maxk@qualcomm.com>
[    1.486421] PPP generic driver version 2.4.2
[    1.489124] ehci_hcd: USB 2.0 'Enhanced' Host Controller (EHCI) Driver
[    1.492230] ehci-pci: EHCI PCI platform driver
[    1.494469] ehci-platform: EHCI generic platform driver
[    1.496888] ohci_hcd: USB 1.1 'Open' Host Controller (OHCI) Driver
[    1.499761] ohci-pci: OHCI PCI platform driver
[    1.501879] ohci-platform: OHCI generic platform driver
[    1.505951] uhci_hcd: USB Universal Host Controller Interface driver
[    1.508940] i8042: PNP: PS/2 Controller [PNP0303:PS2K,PNP0f03:PS2M] at 0x60,0x64 irq 1,12
[    1.513436] serio: i8042 KBD port at 0x60,0x64 irq 1
[    1.516042] serio: i8042 AUX port at 0x60,0x64 irq 12
[    1.519180] mousedev: PS/2 mouse device common for all mice
[    1.522871] input: AT Translated Set 2 keyboard as /devices/platform/i8042/serio0/input/input2
[    1.528122] rtc_cmos rtc_cmos: rtc core: registered rtc_cmos as rtc0
[    1.530690] rtc_cmos rtc_cmos: alarms up to one day, 114 bytes nvram
[    1.532783] i2c /dev entries driver
[    1.534585] device-mapper: uevent: version 1.0.3
[    1.536692] device-mapper: ioctl: 4.34.0-ioctl (2015-10-28) initialised: dm-devel@redhat.com
[    1.541570] ledtrig-cpu: registered to indicate activity on CPUs
[    1.544984] NET: Registered protocol family 10
[    1.547008] NET: Registered protocol family 17
[    1.548644] Key type dns_resolver registered
[    1.550438] registered taskstats version 1
[    1.552008] Loading compiled-in X.509 certificates
[    1.554606] Loaded X.509 cert 'Build time autogenerated kernel key: 4dcb2dc2c7cf43e0c20c44384f68683c20294489'
[    1.558831] zswap: loaded using pool lzo/zbud
[    1.563527] Key type trusted registered
[    1.570432] Key type encrypted registered
[    1.572099] AppArmor: AppArmor sha1 policy hashing enabled
[    1.574001] ima: No TPM chip found, activating TPM-bypass!
[    1.576336] ima: Allocated hash algorithm: sha1
[    1.578037] evm: HMAC attrs: 0x1
[    1.580068]   Magic number: 3:534:86
[    1.581524] rtc_cmos rtc_cmos: setting system clock to 2019-05-31 16:03:23 UTC (1559318603)
[    1.584889] BIOS EDD facility v0.16 2004-Jun-25, 0 devices found
[    1.587007] EDD information not available.
[    1.635458] Freeing unused kernel memory: 1484K
[    1.637785] Write protecting the kernel read-only data: 14336k
[    1.641214] Freeing unused kernel memory: 1620K
[    1.643668] Freeing unused kernel memory: 68K
Loading, please wait...
starting version 229
[    1.664977] random: systemd-udevd: uninitialized urandom read (16 bytes read, 3 bits of entropy available)
[    1.666175] random: udevadm: uninitialized urandom read (16 bytes read, 3 bits of entropy available)
[    1.666211] random: udevadm: uninitialized urandom read (16 bytes read, 3 bits of entropy available)
[    1.680223] random: udevadm: uninitialized urandom read (16 bytes read, 3 bits of entropy available)
[    1.680293] random: udevadm: uninitialized urandom read (16 bytes read, 3 bits of entropy available)
[    1.680506] random: udevadm: uninitialized urandom read (16 bytes read, 3 bits of entropy available)
[    1.680585] random: udevadm: uninitialized urandom read (16 bytes read, 3 bits of entropy available)
[    1.680662] random: udevadm: uninitialized urandom read (16 bytes read, 3 bits of entropy available)
[    1.680738] random: udevadm: uninitialized urandom read (16 bytes read, 3 bits of entropy available)
[    1.680811] random: udevadm: uninitialized urandom read (16 bytes read, 3 bits of entropy available)
[    1.763704] e1000: Intel(R) PRO/1000 Network Driver - version 7.3.21-k8-NAPI
[    1.777840] e1000: Copyright (c) 1999-2006 Intel Corporation.
[    1.782835] Fusion MPT base driver 3.04.20
[    1.785495] Copyright (c) 1999-2008 LSI Corporation
[    1.794851] Fusion MPT SPI Host driver 3.04.20
[    1.823497] AVX2 version of gcm_enc/dec engaged.
[    1.829917] AES CTR mode by8 optimization enabled
[    1.991566] input: ImExPS/2 Generic Explorer Mouse as /devices/platform/i8042/serio1/input/input4
[    2.274325] e1000 0000:00:03.0 eth0: (PCI:33MHz:32-bit) 02:3a:f4:24:e2:72
[    2.278499] e1000 0000:00:03.0 eth0: Intel(R) PRO/1000 Network Connection
[    2.284909] mptbase: ioc0: Initiating bringup
[    2.339015] tsc: Refined TSC clocksource calibration: 1600.548 MHz
[    2.351134] clocksource: tsc: mask: 0xffffffffffffffff max_cycles: 0x17122aa585b, max_idle_ns: 440795261720 ns
[    2.386791] ioc0: LSI53C1030 A0: Capabilities={Initiator}
[    4.292488] scsi host2: ioc0: LSI53C1030 A0, FwRev=00000000h, Ports=1, MaxQ=256, IRQ=20
[    4.701202] scsi 2:0:0:0: Direct-Access     VBOX     HARDDISK         1.0  PQ: 0 ANSI: 5
[    4.707135] scsi target2:0:0: Beginning Domain Validation
[    4.714613] scsi target2:0:0: Domain Validation skipping write tests
[    4.718592] scsi target2:0:0: Ending Domain Validation
[    4.721935] scsi target2:0:0: asynchronous
[    4.725866] scsi 2:0:1:0: Direct-Access     VBOX     HARDDISK         1.0  PQ: 0 ANSI: 5
[    4.732780] scsi target2:0:1: Beginning Domain Validation
[    4.773469] scsi target2:0:1: Domain Validation skipping write tests
[    4.777481] scsi target2:0:1: Ending Domain Validation
[    4.781947] scsi target2:0:1: asynchronous
[    4.812402] sd 2:0:0:0: Attached scsi generic sg0 type 0
[    4.818244] sd 2:0:0:0: [sda] 20971520 512-byte logical blocks: (10.7 GB/10.0 GiB)
[    4.825020] sd 2:0:0:0: [sda] Write Protect is off
[    4.828754] sd 2:0:1:0: [sdb] 20480 512-byte logical blocks: (10.5 MB/10.0 MiB)
[    4.832870] sd 2:0:1:0: [sdb] Write Protect is off
[    4.837279] sd 2:0:1:0: Attached scsi generic sg1 type 0
[    4.841115] sd 2:0:1:0: [sdb] Incomplete mode parameter data
[    4.845871] sd 2:0:1:0: [sdb] Assuming drive cache: write through
[    4.851303] sd 2:0:0:0: [sda] Incomplete mode parameter data
[    4.854486] sd 2:0:0:0: [sda] Assuming drive cache: write through
[    4.862851]  sda: sda1
[    4.867294] sd 2:0:0:0: [sda] Attached SCSI disk
[    4.873711] sd 2:0:1:0: [sdb] Attached SCSI disk
[    5.238254] e1000 0000:00:08.0 eth1: (PCI:33MHz:32-bit) 08:00:27:53:c2:05
[    5.241252] e1000 0000:00:08.0 eth1: Intel(R) PRO/1000 Network Connection
[    5.245849] e1000 0000:00:03.0 enp0s3: renamed from eth0
[    5.262235] e1000 0000:00:08.0 enp0s8: renamed from eth1
Begin: Loading essential drivers ... [    6.681080] md: linear personality registered for level -1
[    6.688060] md: multipath personality registered for level -4
[    6.694507] md: raid0 personality registered for level 0
[    6.702736] md: raid1 personality registered for level 1
[    6.786071] raid6: sse2x1   gen()  6985 MB/s
[    6.853830] raid6: sse2x1   xor()  5667 MB/s
[    6.921922] raid6: sse2x2   gen()  9882 MB/s
[    6.989987] raid6: sse2x2   xor()  6459 MB/s
[    7.057871] raid6: sse2x4   gen()  5887 MB/s
[    7.125936] raid6: sse2x4   xor()  3010 MB/s
[    7.194021] raid6: avx2x1   gen()  8212 MB/s
[    7.262147] raid6: avx2x2   gen() 17269 MB/s
[    7.330089] raid6: avx2x4   gen() 19373 MB/s
[    7.332029] raid6: using algorithm avx2x4 gen() 19373 MB/s
[    7.334735] raid6: using avx2x2 recovery algorithm
[    7.338593] xor: automatically using best checksumming function:
[    7.377979]    avx       : 24711.000 MB/sec
[    7.384750] async_tx: api initialized (async)
[    7.405284] md: raid6 personality registered for level 6
[    7.408167] md: raid5 personality registered for level 5
[    7.410904] md: raid4 personality registered for level 4
[    7.428382] md: raid10 personality registered for level 10
done.
Begin: Running /scripts/init-premount ... done.
Begin: Mounting root file system ... Begin: Running /scripts/local-top ... done.
Begin: Running /scripts/local-premount ... [    7.470648] Btrfs loaded
Scanning for Btrfs filesystems
done.
Warning: fsck not present, so skipping root file system
[    7.603094] EXT4-fs (sda1): mounted filesystem with ordered data mode. Opts: (null)
done.
Begin: Running /scripts/local-bottom ... done.
Begin: Running /scripts/init-bottom ... done.
[    8.070559] systemd[1]: systemd 229 running in system mode. (+PAM +AUDIT +SELINUX +IMA +APPARMOR +SMACK +SYSVINIT +UTMP +LIBCRYPTSETUP +GCRYPT +GNUTLS +ACL +XZ -LZ4 +SECCOMP +BLKID +ELFUTILS +KMOD -IDN)
[    8.082729] systemd[1]: Detected virtualization oracle.
[    8.088883] systemd[1]: Detected architecture x86-64.

Welcome to [1mUbuntu 16.04.6 LTS[0m!

[    8.105661] systemd[1]: Set hostname to <ubuntu>.
[    8.127442] systemd[1]: Initializing machine ID from random generator.
[    8.131998] systemd[1]: Installed transient /etc/machine-id file.
[    8.841877] systemd[1]: Created slice User and Session Slice.
[[0;32m  OK  [0m] Created slice User and Session Slice.
[    8.847754] systemd[1]: Listening on /dev/initctl Compatibility Named Pipe.
[[0;32m  OK  [0m] Listening on /dev/initctl Compatibility Named Pipe.
[    8.854551] systemd[1]: Listening on Journal Socket (/dev/log).
[[0;32m  OK  [0m] Listening on Journal Socket (/dev/log).
[    8.860027] systemd[1]: Listening on Syslog Socket.
[[0;32m  OK  [0m] Listening on Syslog Socket.
[    8.865098] systemd[1]: Listening on Journal Audit Socket.
[[0;32m  OK  [0m] Listening on Journal Audit Socket.
[    8.870225] systemd[1]: Listening on Device-mapper event daemon FIFOs.
[[0;32m  OK  [0m] Listening on Device-mapper event daemon FIFOs.
[    8.876451] systemd[1]: Listening on udev Kernel Socket.
[[0;32m  OK  [0m] Listening on udev Kernel Socket.
[    8.881419] systemd[1]: Reached target User and Group Name Lookups.
[[0;32m  OK  [0m] Reached target User and Group Name Lookups.
[    8.887092] systemd[1]: Reached target System Time Synchronized.
[[0;32m  OK  [0m] Reached target System Time Synchronized.
[    8.892422] systemd[1]: Reached target Encrypted Volumes.
[[0;32m  OK  [0m] Reached target Encrypted Volumes.
[    8.897460] systemd[1]: Listening on LVM2 poll daemon socket.
[[0;32m  OK  [0m] Listening on LVM2 poll daemon socket.
[    8.902788] systemd[1]: Reached target Swap.
[[0;32m  OK  [0m] Reached target Swap.
[    8.907341] systemd[1]: Set up automount Arbitrary Executable File Formats File System Automount Point.
[[0;32m  OK  [0m] Set up automount Arbitrary Executab...ats File System Automount Point.
[    8.914293] systemd[1]: Listening on Journal Socket.
[[0;32m  OK  [0m] Listening on Journal Socket.
[    8.918979] systemd[1]: Started Trigger resolvconf update for networkd DNS.
[[0;32m  OK  [0m] Started Trigger resolvconf update for networkd DNS.
[    8.925268] systemd[1]: Started Forward Password Requests to Wall Directory Watch.
[[0;32m  OK  [0m] Started Forward Password Requests to Wall Directory Watch.
[    8.932435] systemd[1]: Listening on udev Control Socket.
[[0;32m  OK  [0m] Listening on udev Control Socket.
[    8.937554] systemd[1]: Listening on LVM2 metadata daemon socket.
[[0;32m  OK  [0m] Listening on LVM2 metadata daemon socket.
[    8.944408] systemd[1]: Created slice System Slice.
[[0;32m  OK  [0m] Created slice System Slice.
[    8.962342] systemd[1]: Starting Monitoring of LVM2 mirrors, snapshots etc. using dmeventd or progress polling...
         Starting Monitoring of LVM2 mirrors... dmeventd or progress polling...
[    8.978073] systemd[1]: Starting Load Kernel Modules...
         Starting Load Kernel Modules...
[    8.986568] systemd[1]: Starting Set console keymap...
         Starting Set console keymap...
[    9.020071] Loading iSCSI transport class v2.0-870.
[    9.022541] systemd[1]: Mounting Huge Pages File System...
         Mounting Huge Pages File System...
[    9.028970] systemd[1]: Created slice system-serial\x2dgetty.slice.
[[0;32m  OK  [0m] Created slice system-serial\x2dgetty.slice.
[    9.039410] systemd[1]: Starting Nameserver information manager...
         Starting Nameserver information manager...
[    9.048387] systemd[1]: Starting Create list of required static device nodes for the current kernel...
[    9.055276] iscsi: registered transport (tcp)
         Starting Create list of required st... nodes for the current kernel...
[    9.066414] systemd[1]: Starting Uncomplicated firewall...
         Starting Uncomplicated firewall...
[    9.075781] systemd[1]: Mounting Debug File System...
         Mounting Debug File System...
[    9.081440] systemd[1]: Reached target Slices.
[[0;32m  OK  [0m] Reached target Slices.
[    9.087307] systemd[1]: Starting Remount Root and Kernel File Systems...
         Starting Remount Root and Kernel File Systems...
[    9.093263] systemd[1]: Starting Journal Service...
         Starting Journal Service...
[    9.101002] systemd[1]: Mounting POSIX Message Queue File System...
[    9.104892] EXT4-fs (sda1): re-mounted. Opts: (null)
         Mounting POSIX Message Queue File System...
[    9.113451] systemd[1]: Mounted POSIX Message Queue File System.
[[0;32m  OK  [0m] Mounted POSIX Message Queue File System.
[    9.119719] systemd[1]: Mounted Debug File System.
[[0;32m  OK  [0m] Mounted Debug File System.
[    9.128284] systemd[1]: Mounted Huge Pages File System.
[[0;32m  OK  [0m[    9.132109] random: nonblocking pool is initialized
] Mounted Huge Pages File System.
[    9.137833] systemd[1]: Started Set console keymap.
[[0;32m  OK  [0m] Started Set console keymap.
[    9.155371] systemd[1]: Started Create list of required static device nodes for the current kernel.
[[0;32m  OK  [0m] Started Create list of required sta...ce nodes for the current kernel.
[    9.162680] systemd[1]: Started Uncomplicated firewall.
[[0;32m  OK  [0m] Started Uncomplicated firewall.
[    9.168366] systemd[1]: Started Remount Root and Kernel File Systems.
[[0;32m  OK  [0m] Started Remount Root and Kernel File Systems.
[    9.178069] iscsi: registered transport (iser)
[    9.183145] systemd[1]: Started Load Kernel Modules.
[[0;32m  OK  [0m] Started Load Kernel Modules.
[    9.194874] systemd[1]: Started Nameserver information manager.
[[0;32m  OK  [0m] Started Nameserver information manager.
[    9.203222] systemd[1]: Started Journal Service.
[[0;32m  OK  [0m] Started Journal Service.
[[0;32m  OK  [0m] Started LVM2 metadata daemon.
         Mounting FUSE Control File System...
         Starting Apply Kernel Variables...
         Starting Load/Save Random Seed...
         Starting udev Coldplug all Devices...
         Starting Flush Journal to Persistent Storage...
         Starting Create Static Device Nodes in /dev...
[[0;32m  OK  [0m] Mounted FUSE Control File System.
[[0;32m  OK  [0m] Started Load/Save Random Seed.
[[0;32m  OK  [0m] Started Apply Kernel Variables.
[[0;32m  OK  [0m] Started Create Static Device Nodes in /dev.
[[0;32m  OK  [0m] Started Flush Journal to Persistent Storage.
         Starting udev Kernel Device Manager...
[[0;32m  OK  [0m] Started udev Coldplug all Devices.
[[0;32m  OK  [0m] Started udev Kernel Device Manager.
[[0;32m  OK  [0m] Started Dispatch Password Requests to Console Directory Watch.
[[0;32m  OK  [0m] Started Monitoring of LVM2 mirrors,...ng dmeventd or progress polling.
[[0;32m  OK  [0m] Reached target Local File Systems (Pre).
[[0;32m  OK  [0m] Reached target Local File Systems.
         Starting Create Volatile Files and Directories...
         Starting LSB: AppArmor initialization...
         Starting Set console font and keymap...
         Starting Commit a transient machine-id on disk...
         Starting Tell Plymouth To Write Out Runtime Data...
         Starting Initial cloud-init job (pre-networking)...
[[0;32m  OK  [0m] Started Tell Plymouth To Write Out Runtime Data.
[[0;32m  OK  [0m] Started Create Volatile Files and Directories.
[[0;32m  OK  [0m] Started Commit a transient machine-id on disk.
         Starting Update UTMP about System Boot/Shutdown...
[[0;32m  OK  [0m] Started Update UTMP about System Boot/Shutdown.
[[0;32m  OK  [0m] Found device /dev/ttyS0.
[[0;32m  OK  [0m] Listening on Load/Save RF Kill Switch Status /dev/rfkill Watch.
[[0;32m  OK  [0m] Started LSB: AppArmor initialization.
[[0;32m  OK  [0m] Started Set console font and keymap.
[[0;32m  OK  [0m] Created slice system-getty.slice.
[   12.236584] cloud-init[493]: Cloud-init v. 18.5-45-g3554ffe8-0ubuntu1~16.04.1 running 'init-local' at Fri, 31 May 2019 16:03:34 +0000. Up 11.66 seconds.
[[0;32m  OK  [0m] Started Initial cloud-init job (pre-networking).
[[0;32m  OK  [0m] Reached target Network (Pre).
         Starting Raise network interfaces...
[[0;32m  OK  [0m] Started Raise network interfaces.
         Starting Initial cloud-init job (metadata service crawler)...
[[0;32m  OK  [0m] Reached target Network.
[   14.113891] cloud-init[958]: Cloud-init v. 18.5-45-g3554ffe8-0ubuntu1~16.04.1 running 'init' at Fri, 31 May 2019 16:03:35 +0000. Up 13.16 seconds.
[   14.120811] cloud-init[958]: ci-info: ++++++++++++++++++++++++++++++++++++++Net device info+++++++++++++++++++++++++++++++++++++++
[   14.126871] cloud-init[958]: ci-info: +--------+-------+----------------------------+---------------+--------+-------------------+
[   14.132724] cloud-init[958]: ci-info: | Device |   Up  |          Address           |      Mask     | Scope  |     Hw-Address    |
[   14.138752] cloud-init[958]: ci-info: +--------+-------+----------------------------+---------------+--------+-------------------+
[   14.143784] cloud-init[958]: ci-info: | enp0s3 |  True |         10.0.2.15          | 255.255.255.0 | global | 02:3a:f4:24:e2:72 |
[   14.149611] cloud-init[958]: ci-info: | enp0s3 |  True | fe80::3a:f4ff:fe24:e272/64 |       .       |  link  | 02:3a:f4:24:e2:72 |
[   14.155545] cloud-init[958]: ci-info: | enp0s8 | False |             .              |       .       |   .    | 08:00:27:53:c2:05 |
[   14.161449] cloud-init[958]: ci-info: |   lo   |  True |         127.0.0.1          |   255.0.0.0   |  host  |         .         |
[   14.167242] cloud-init[958]: ci-info: |   lo   |  True |          ::1/128           |       .       |  host  |         .         |
[   14.173093] cloud-init[958]: ci-info: +--------+-------+----------------------------+---------------+--------+-------------------+
[   14.179337] cloud-init[958]: ci-info: +++++++++++++++++++++++++++Route IPv4 info++++++++++++++++++++++++++++
[   14.184488] cloud-init[958]: ci-info: +-------+-------------+----------+---------------+-----------+-------+
[   14.189555] cloud-init[958]: ci-info: | Route | Destination | Gateway  |    Genmask    | Interface | Flags |
[   14.194763] cloud-init[958]: ci-info: +-------+-------------+----------+---------------+-----------+-------+
[   14.199375] [[0;32m  OK  [0m] Started Initial cloud-init job (metadata service crawler).
[[0;32m  OK  [0m] Reached target Cloud-config availability.
[[0;32m  OK  [0m] Reached target System Initialization.
[[0;32m  OK  [0m] Started Daily apt download activities.
[[0;32m  OK  [0m] Started Daily Cleanup of Temporary Directories.
cloud-init[958]: ci-info: |   0   |   0.0.0.0   | 10.0.2.2 |    0.0.0.0    |   enp0s3  |   UG  |
[   14.218431] [[0;32m  OK  [0mcloud-init] Started ACPI Events Check.
[958]: ci-info: |   1   |   10.0.2.0  | 0.0.0.0  | 255.255.255.0 |   enp0s3  |   U   |
[[0;32m  OK  [0m] Reached target Paths.
[   14.227433] cloud-init[958]: [[0;32m  OK  [0m] Started Daily apt upgrade and clean activities.
ci-info: +-------+-------------+----------+---------------+-----------+-------+
[   14.235422] cloud-init[958]: ci-info: +++++++++++++++++++Route IPv6 info+++++++++++++++++++
[   14.236164] cloud-init[958]: ci-info: +-------+-------------+---------+-----------+-------+
[   14.236238] cloud-init[958]: ci-info: | Route | Destination | Gateway | Interface | Flags |
[   14.236303] cloud-init[958]: ci-info: +-------+-------------+---------+-----------+-------+
[   14.236369] cloud-init[958]: ci-info: |   0   |  fe80::/64  |    ::   |   enp0s3  |   U   |
[   14.236470] cloud-init[958]: ci-info: |   3   |   ff00::/8  |    ::   |   enp0s3  |   U   |
[   14.236534] cloud-init[958]: ci-info: +-------+-------------+---------+-----------+-------+
[   14.236597] cloud-init[958]: Generating public/private rsa key pair.
[   14.236664] cloud-init[958]: Your identification has been saved in /etc/ssh/ssh_host_rsa_key.
[   14.236905] cloud-init[958]: Your public key has been saved in /etc/ssh/ssh_host_rsa_key.pub.
[   14.237004] cloud-init[958]: The key fingerprint is:
[   14.237085] cloud-init[958]: SHA256:t+Qv8cdrKxD1H1B4LyVQi2QhyAOi+NC7NZzrv/9D2wE root@ubuntu-xenial
[   14.237149] cloud-init[958]: The key's randomart image is:
[   14.237217] cloud-init[958]: +---[RSA 2048]----+
[   14.237429] cloud-init[958]: |    . .o .. =++. |
[   14.237716] cloud-init[958]: | o . .  +  +.+.o.|
[   14.238434] cloud-init[958]: |o o      . ...+o.|
[   14.238774] cloud-init[958]: | o o .    E   o..|
[   14.239315] cloud-init[958]: |  o =   S oo   o.|
[   14.239542] cloud-init[958]: |   o o   ++..   .|
[   14.239615] cloud-init[958]: |  . .    .o* o   |
[   14.239825] cloud-init[958]: |   .      +.+ +  |
[[   14.241000] cloud-init[958]: |    ..oo...o.+oo |
[   14.244329] cloud-init[958]: +----[SHA256]-----+
[   14.244418] cloud-init[958]: Generating public/private dsa key pair.
[0;32m  OK  [0m] Listening on ACPID Listen Socket.
[[0;32m  OK  [0m] Reached target Timers.
[   14.244487] cloud-init[958]: Your identification has been saved in /etc/ssh/ssh_host_dsa_key.
[   14.359797] cloud-init[958]: Your public key has been saved in /etc/ssh/ssh_host_dsa_key.pub.
[   14.366487] cloud-init[958]: The key fingerprint is:
[   14.367174] cloud-init[958]: SHA256:CiXim0J8FNuZvexpxb6qSU3ZyF1W2OXe27mOcGifoQU root@ubuntu-xenial
         Starting LXD - unix socket.
[   14.376361] cloud-init[958]: The key's randomart image is:
[   14.396999] cloud-init[958]: +---[DSA 1024]----+
[   14.397436] cloud-init[958]: |   .        o... |
         Starting Socket activation for snappy daemon.
[   14.397614] cloud-init[958]: |    + +    ....  |
[[0;32m  OK  [0m] Listening on UUID daemon activation socket.
[   14.409005] cloud-init[958]: |  .o.+..   o   . |
[   14.421027] cloud-init[958]: |.... oo B o   . .|
[   14.422311] cloud-init[958]: | o...  BS= E   ..|
[[0;32m  OK  [0m] Listening on D-Bus System Message Bus Socket.
[   14.422596] cloud-init[958]: |. .o .+.+   o   +|
[[0;32m  OK  [0m] Reached target Network is Online.
[   14.427309] cloud-init[958]: |. o  ..= . + + o.|
[   14.445166] cloud-init[958]: | .  . o   o * + .|
[   14.452677] cloud-init[958]: |     o.... . +.o |
         Starting iSCSI initiator daemon (iscsid)...
[   14.456584] cloud-init[958]: +----[SHA256]-----+
[   14.461610] cloud-init[958]: Generating public/private ecdsa key pair.
[[0;32m  OK  [0m] Listening on LXD - unix socket.
[   14.462373] cloud-init[958]: Your identification has been saved in /etc/ssh/ssh_host_ecdsa_key.
[   14.480517] cloud-init[958]: Your public key has been saved in /etc/ssh/ssh_host_ecdsa_key.pub.
[   14.481021] [cloud-init[0;32m  OK  [0m[958]: ] The key fingerprint is:Listening on Socket activation for snappy daemon.

[   14.481132] cloud-init[958]: SHA256:fCOkRNRIAAF2dIejWAO18gqsg+0plYeLGw/gv+B6f+Y root@ubuntu-xenial
[   14.492931] cloud-init[958]: The key's randomart image is:
[   14.505612] cloud-init[958]: +---[ECDSA 256]---+
[   14.510059] cloud-init[958]: |.+**.==+         |
[   14.512696] cloud-init[958]: |. .oo+o .        |
[   14.516666] cloud-init[958]: | .o.o o .        |
[   14.520586] cloud-init[958]: |..o. . +         |
[   14.522981] cloud-init[958]: |o. +  . S o      |
[   14.526077] cloud-init[958]: |*.= .    o .     |
[[0;32m  OK  [0m] Reached target Sockets.
[[0;32m  OK  [0m] Reached target Basic System.
[   14.534448] cloud-init[958]: |**.o             |
[   14.549796] cloud-init[958]: |+*=.  o          |
[   14.560717] cloud-init[958]: |+=++o+E          |         
Starting System Logging Service...
[[0;32m  OK  [0m] Started Regular background program processing daemon.
[[0;32m  OK  [0m] Started FUSE filesystem for LXC.
         Starting Login Service...
[   14.569942] cloud-init[958]: +----[SHA256]-----+
         Starting Virtualbox guest utils...
[[0;32m  OK  [0m] Started D-Bus System Message Bus.
[   14.606671] cloud-init[958]: Generating public/private ed25519 key pair.
[   14.644603] cloud-init[958]: Your identification has been saved in /etc/ssh/ssh_host_ed25519_key.
[   14.649931] cloud-init[958]: Your public key has been saved in /etc/ssh/ssh_host_ed25519_key.pub.
[   14.652740] cloud-init[958]: The key fingerprint is:
[   14.665926] cloud-init[958]: SHA256:aYTjbzc+yJEhhGBlsSpKa6W5quze2o/aUBaZCRnLPhM root@ubuntu-xenial
[   14.677391] cloud-init[958]: The key's randomart image is:
[   14.678946] cloud-init[958]: +--[ED25519 256]--+
[   14.681706] cloud-init[958]: | o=o+o           |
[   14.683222] cloud-init[958]: |.oo.=...         |
[   14.686606] cloud-init[958]: | E =..o .        |
[   14.689113] cloud-init[958]: |. .....o..       |
[   14.692327] cloud-init[958]: |.=.+  ..So       |
[   14.693939] cloud-init[958]: |o.X    oo        |
[   14.696630] cloud-init[958]: |.*     .ooo      |
[   14.698725] cloud-init[958]: |o * .  .oo..     |
[   14.702648] cloud-init[958]: |BBo=..    ..     |
[   14.708516] cloud-init[958]: +----[SHA256]-----+
         Starting Pollinate to seed the pseudo random number generator...
         Starting LSB: Record successful boot for GRUB...
         Starting Accounts Service...
[[0;32m  OK  [0m] Started Deferred execution scheduler.
         Starting /etc/rc.local Compatibility...
[[0;32m  OK  [0m] Started ACPI event daemon.
         Starting Snappy daemon...
[[0;32m  OK  [0m] Started Unattended Upgrades Shutdown.
         Starting LSB: MD monitoring daemon...
         Starting LXD - container startup/shutdown...
[[0;32m  OK  [0m] Started System Logging Service.
[[0;32m  OK  [0m] Started iSCSI initiator daemon (iscsid).
[[0;32m  OK  [0m] Started /etc/rc.local Compatibility.
         Starting Login to default iSCSI targets...
[[0;32m  OK  [0m] Started LSB: Record successful boot for GRUB.
[[0;32m  OK  [0m] Started Login Service.
[[0;32m  OK  [0m] Started LSB: MD monitoring daemon.
         Starting Authenticate and Authorize Users to Run Privileged Tasks...
[[0;32m  OK  [0m] Started Login to default iSCSI targets.
[[0;32m  OK  [0m] Reached target Remote File Systems (Pre).
[[0;32m  OK  [0m] Reached target Remote File Systems.
         Starting LSB: automatic crash report generation...
         Starting LSB: daemon to balance interrupts for SMP systems...
         Starting Permit User Sessions...
         Starting LSB: Set the CPU Frequency Scaling governor to "ondemand"...
[[0;32m  OK  [0m] Started Authenticate and Authorize Users to Run Privileged Tasks.
[[0;32m  OK  [0m] Started Permit User Sessions.
[[0;32m  OK  [0m] Started Accounts Service.
         Starting Terminate Plymouth Boot Screen...
         Starting Hold until boot process finishes up...
[[0;32m  OK  [0m] Started Virtualbox guest utils.
[[0;32m  OK  [0m] Started Hold until boot process finishes up.
[[0;32m  OK  [0m] Started Terminate Plymouth Boot Screen.
[[0;32m  OK  [0m] Started LXD - container startup/shutdown.
[[0;32m  OK  [0m] Started LSB: Set the CPU Frequency Scaling governor to "ondemand".
[[0;32m  OK  [0m] Started LSB: automatic crash report generation.
[[0;32m  OK  [0m] Started LSB: daemon to balance interrupts for SMP systems.
[[0;32m  OK  [0m] Started Getty on tty1.
[[0;32m  OK  [0m] Started Serial Getty on ttyS0.
[[0;32m  OK  [0m] Reached target Login Prompts.
         Starting Set console scheme...
[[0;32m  OK  [0m] Started Set console scheme.
[[0;32m  OK  [0m] Started Snappy daemon.
         Starting Wait until snapd is fully seeded...
[[0;32m  OK  [0m] Started Pollinate to seed the pseudo random number generator.
         Starting OpenBSD Secure Shell server...
[[0;32m  OK  [0m] Started OpenBSD Secure Shell server.
[[0;32m  OK  [0m] Created slice User Slice of vagrant.
         Starting User Manager for UID 1000...
[[0;32m  OK  [0m] Started Session 1 of user vagrant.
[[0;32m  OK  [0m] Started User Manager for UID 1000.
         Stopping User Manager for UID 1000...
[[0;32m  OK  [0m] Started Wait until snapd is fully seeded.
[[0;32m  OK  [0m] Reached target Multi-User System.
[[0;32m  OK  [0m] Reached target Graphical Interface.
         Starting Update UTMP about System Runlevel Changes...
         Starting Apply the settings specified in cloud-config...
[[0;32m  OK  [0m] Stopped User Manager for UID 1000.
[[0;32m  OK  [0m] Started Update UTMP about System Runlevel Changes.
[[0;32m  OK  [0m] Removed slice User Slice of vagrant.
[[0;32m  OK  [0m] Created slice User Slice of vagrant.
         Starting User Manager for UID 1000...
[[0;32m  OK  [0m] Started Session 2 of user vagrant.
[[0;32m  OK  [0m] Started User Manager for UID 1000.
[   19.830330] cloud-init[1519]: Generating locales (this might take a while)...
[   21.544114] cloud-init[1519]:   en_US.UTF-8... done
[   21.544611] cloud-init[1519]: Generation complete.

Ubuntu 16.04.6 LTS ubuntu-xenial ttyS0

ubuntu-xenial login: [   22.785092] cloud-init[1519]: Cloud-init v. 18.5-45-g3554ffe8-0ubuntu1~16.04.1 running 'modules:config' at Fri, 31 May 2019 16:03:42 +0000. Up 19.65 seconds.
ci-info: no authorized ssh keys fingerprints found for user ubuntu.
<14>May 31 16:03:46 ec2: 
<14>May 31 16:03:46 ec2: #############################################################
<14>May 31 16:03:46 ec2: -----BEGIN SSH HOST KEY FINGERPRINTS-----
<14>May 31 16:03:46 ec2: 1024 SHA256:CiXim0J8FNuZvexpxb6qSU3ZyF1W2OXe27mOcGifoQU root@ubuntu-xenial (DSA)
<14>May 31 16:03:46 ec2: 256 SHA256:fCOkRNRIAAF2dIejWAO18gqsg+0plYeLGw/gv+B6f+Y root@ubuntu-xenial (ECDSA)
<14>May 31 16:03:46 ec2: 256 SHA256:aYTjbzc+yJEhhGBlsSpKa6W5quze2o/aUBaZCRnLPhM root@ubuntu-xenial (ED25519)
<14>May 31 16:03:46 ec2: 2048 SHA256:t+Qv8cdrKxD1H1B4LyVQi2QhyAOi+NC7NZzrv/9D2wE root@ubuntu-xenial (RSA)
<14>May 31 16:03:46 ec2: -----END SSH HOST KEY FINGERPRINTS-----
<14>May 31 16:03:46 ec2: #############################################################
-----BEGIN SSH HOST KEY KEYS-----
ecdsa-sha2-nistp256 AAAAE2VjZHNhLXNoYTItbmlzdHAyNTYAAAAIbmlzdHAyNTYAAABBBJfV3I1qeq3O8kk/xtI6sOloeWO3T0DRYJRhXwrif5EyfX4VCEu2J/VNb3+o5+yXSFl1NbpW0sTIrkYO3yyJGwc= root@ubuntu-xenial
ssh-ed25519 AAAAC3NzaC1lZDI1NTE5AAAAIFxfQP4sgGE+6fFDFa/Nlf6dWFXZG/rF2hGypNyBeu5Q root@ubuntu-xenial
ssh-rsa AAAAB3NzaC1yc2EAAAADAQABAAABAQCtZejKVVPih0PqpRUt89LsKMagajEinie4wog7jn/1cb3Ic0hVYfZwUp7Zh5mPy8iTyYSb9o0RslStzL4HE8ofEVfDPZ7FPm0uYsQt/bjWywQZ4sjGOFXOdNvVErTTQJ49YdIBJ6UyvgjcorabIh2Y4rqJn/O205DmUTBBxawoFyr4ylBPnafhPG5sfcv9ywO5DPmmt1fktou1f3R+4X3cQaoBlAiDWHyoFls+kn+iBUrE235A1i1skOeaI73rP0Wp9368bPgHyOo3Zy4EMBZg/zRF7z7SzQCCRYdQgETAM2qdMXL5KFFaW1o4od/tez6AhkqdOcTCZOLdXoqW7D+v root@ubuntu-xenial
-----END SSH HOST KEY KEYS-----
[   24.235271] cloud-init[1872]: Cloud-init v. 18.5-45-g3554ffe8-0ubuntu1~16.04.1 running 'modules:final' at Fri, 31 May 2019 16:03:46 +0000. Up 23.76 seconds.
[   24.235611] cloud-init[1872]: ci-info: no authorized ssh keys fingerprints found for user ubuntu.
[   24.235923] cloud-init[1872]: Cloud-init v. 18.5-45-g3554ffe8-0ubuntu1~16.04.1 finished at Fri, 31 May 2019 16:03:46 +0000. Datasource DataSourceNoCloud [seed=/dev/sdb][dsmode=net].  Up 24.22 seconds
