[    0.000000] Initializing cgroup subsys cpuset
[    0.000000] Initializing cgroup subsys cpu
[    0.000000] Initializing cgroup subsys cpuacct
[    0.000000] Linux version 4.4.0-146-generic (buildd@lcy01-amd64-025) (gcc version 5.4.0 20160609 (Ubuntu 5.4.0-6ubuntu1~16.04.10) ) #172-Ubuntu SMP Wed Apr 3 09:00:08 UTC 2019 (Ubuntu 4.4.0-146.172-generic 4.4.177)
[    0.000000] Command line: BOOT_IMAGE=/boot/vmlinuz-4.4.0-146-generic root=LABEL=cloudimg-rootfs ro console=tty1 console=ttyS0
[    0.000000] KERNEL supported cpus:
[    0.000000]   Intel GenuineIntel
[    0.000000]   AMD AuthenticAMD
[    0.000000]   Centaur CentaurHauls
[    0.000000] x86/fpu: xstate_offset[2]:  576, xstate_sizes[2]:  256
[    0.000000] x86/fpu: Supporting XSAVE feature 0x01: 'x87 floating point registers'
[    0.000000] x86/fpu: Supporting XSAVE feature 0x02: 'SSE registers'
[    0.000000] x86/fpu: Supporting XSAVE feature 0x04: 'AVX registers'
[    0.000000] x86/fpu: Enabled xstate features 0x7, context size is 832 bytes, using 'standard' format.
[    0.000000] e820: BIOS-provided physical RAM map:
[    0.000000] BIOS-e820: [mem 0x0000000000000000-0x000000000009fbff] usable
[    0.000000] BIOS-e820: [mem 0x000000000009fc00-0x000000000009ffff] reserved
[    0.000000] BIOS-e820: [mem 0x00000000000f0000-0x00000000000fffff] reserved
[    0.000000] BIOS-e820: [mem 0x0000000000100000-0x000000003ffeffff] usable
[    0.000000] BIOS-e820: [mem 0x000000003fff0000-0x000000003fffffff] ACPI data
[    0.000000] BIOS-e820: [mem 0x00000000fec00000-0x00000000fec00fff] reserved
[    0.000000] BIOS-e820: [mem 0x00000000fee00000-0x00000000fee00fff] reserved
[    0.000000] BIOS-e820: [mem 0x00000000fffc0000-0x00000000ffffffff] reserved
[    0.000000] NX (Execute Disable) protection: active
[    0.000000] SMBIOS 2.5 present.
[    0.000000] Hypervisor detected: KVM
[    0.000000] e820: last_pfn = 0x3fff0 max_arch_pfn = 0x400000000
[    0.000000] MTRR: Disabled
[    0.000000] x86/PAT: MTRRs disabled, skipping PAT initialization too.
[    0.000000] CPU MTRRs all blank - virtualized system.
[    0.000000] x86/PAT: Configuration [0-7]: WB  WT  UC- UC  WB  WT  UC- UC  
[    0.000000] found SMP MP-table at [mem 0x0009fff0-0x0009ffff] mapped at [ffff88000009fff0]
[    0.000000] Scanning 1 areas for low memory corruption
[    0.000000] RAMDISK: [mem 0x362fa000-0x37174fff]
[    0.000000] ACPI: Early table checksum verification disabled
[    0.000000] ACPI: RSDP 0x00000000000E0000 000024 (v02 VBOX  )
[    0.000000] ACPI: XSDT 0x000000003FFF0030 00003C (v01 VBOX   VBOXXSDT 00000001 ASL  00000061)
[    0.000000] ACPI: FACP 0x000000003FFF00F0 0000F4 (v04 VBOX   VBOXFACP 00000001 ASL  00000061)
[    0.000000] ACPI: DSDT 0x000000003FFF0470 0022EA (v02 VBOX   VBOXBIOS 00000002 INTL 20100528)
[    0.000000] ACPI: FACS 0x000000003FFF0200 000040
[    0.000000] ACPI: FACS 0x000000003FFF0200 000040
[    0.000000] ACPI: APIC 0x000000003FFF0240 00005C (v02 VBOX   VBOXAPIC 00000001 ASL  00000061)
[    0.000000] ACPI: SSDT 0x000000003FFF02A0 0001CC (v01 VBOX   VBOXCPUT 00000002 INTL 20100528)
[    0.000000] No NUMA configuration found
[    0.000000] Faking a node at [mem 0x0000000000000000-0x000000003ffeffff]
[    0.000000] NODE_DATA(0) allocated [mem 0x3ffeb000-0x3ffeffff]
[    0.000000] kvm-clock: Using msrs 4b564d01 and 4b564d00
[    0.000000] kvm-clock: cpu 0, msr 0:3ffe3001, primary cpu clock
[    0.000000] kvm-clock: using sched offset of 8637673941 cycles
[    0.000000] clocksource: kvm-clock: mask: 0xffffffffffffffff max_cycles: 0x1cd42e4dffb, max_idle_ns: 881590591483 ns
[    0.000000] Zone ranges:
[    0.000000]   DMA      [mem 0x0000000000001000-0x0000000000ffffff]
[    0.000000]   DMA32    [mem 0x0000000001000000-0x000000003ffeffff]
[    0.000000]   Normal   empty
[    0.000000]   Device   empty
[    0.000000] Movable zone start for each node
[    0.000000] Early memory node ranges
[    0.000000]   node   0: [mem 0x0000000000001000-0x000000000009efff]
[    0.000000]   node   0: [mem 0x0000000000100000-0x000000003ffeffff]
[    0.000000] Initmem setup node 0 [mem 0x0000000000001000-0x000000003ffeffff]
[    0.000000] ACPI: PM-Timer IO Port: 0x4008
[    0.000000] IOAPIC[0]: apic_id 2, version 32, address 0xfec00000, GSI 0-23
[    0.000000] ACPI: INT_SRC_OVR (bus 0 bus_irq 0 global_irq 2 dfl dfl)
[    0.000000] ACPI: INT_SRC_OVR (bus 0 bus_irq 9 global_irq 9 low level)
[    0.000000] Using ACPI (MADT) for SMP configuration information
[    0.000000] smpboot: Allowing 2 CPUs, 0 hotplug CPUs
[    0.000000] PM: Registered nosave memory: [mem 0x00000000-0x00000fff]
[    0.000000] PM: Registered nosave memory: [mem 0x0009f000-0x0009ffff]
[    0.000000] PM: Registered nosave memory: [mem 0x000a0000-0x000effff]
[    0.000000] PM: Registered nosave memory: [mem 0x000f0000-0x000fffff]
[    0.000000] e820: [mem 0x40000000-0xfebfffff] available for PCI devices
[    0.000000] Booting paravirtualized kernel on KVM
[    0.000000] clocksource: refined-jiffies: mask: 0xffffffff max_cycles: 0xffffffff, max_idle_ns: 7645519600211568 ns
[    0.000000] setup_percpu: NR_CPUS:512 nr_cpumask_bits:512 nr_cpu_ids:2 nr_node_ids:1
[    0.000000] PERCPU: Embedded 34 pages/cpu @ffff88003fc00000 s99480 r8192 d31592 u1048576
[    0.000000] Built 1 zonelists in Node order, mobility grouping on.  Total pages: 257912
[    0.000000] Policy zone: DMA32
[    0.000000] Kernel command line: BOOT_IMAGE=/boot/vmlinuz-4.4.0-146-generic root=LABEL=cloudimg-rootfs ro console=tty1 console=ttyS0
[    0.000000] PID hash table entries: 4096 (order: 3, 32768 bytes)
[    0.000000] Memory: 997732K/1048120K available (8609K kernel code, 1334K rwdata, 4028K rodata, 1484K init, 1284K bss, 50388K reserved, 0K cma-reserved)
[    0.000000] SLUB: HWalign=64, Order=0-3, MinObjects=0, CPUs=2, Nodes=1
[    0.000000] Kernel/User page tables isolation: enabled
[    0.000000] Hierarchical RCU implementation.
[    0.000000] 	Build-time adjustment of leaf fanout to 64.
[    0.000000] 	RCU restricting CPUs from NR_CPUS=512 to nr_cpu_ids=2.
[    0.000000] RCU: Adjusting geometry for rcu_fanout_leaf=64, nr_cpu_ids=2
[    0.000000] NR_IRQS:33024 nr_irqs:440 16
[    0.000000] Console: colour VGA+ 80x25
[    0.000000] console [tty1] enabled
[    0.000000] console [ttyS0] enabled
[    0.000000] tsc: Detected 1599.999 MHz processor
[    0.367244] Calibrating delay loop (skipped) preset value.. 3199.99 BogoMIPS (lpj=6399996)
[    0.372990] pid_max: default: 32768 minimum: 301
[    0.375653] ACPI: Core revision 20150930
[    0.380165] ACPI: 2 ACPI AML tables successfully acquired and loaded
[    0.383950] Security Framework initialized
[    0.386160] Yama: becoming mindful.
[    0.388558] AppArmor: AppArmor initialized
[    0.390865] Dentry cache hash table entries: 131072 (order: 8, 1048576 bytes)
[    0.397913] Inode-cache hash table entries: 65536 (order: 7, 524288 bytes)
[    0.401964] Mount-cache hash table entries: 2048 (order: 2, 16384 bytes)
[    0.405287] Mountpoint-cache hash table entries: 2048 (order: 2, 16384 bytes)
[    0.409193] Initializing cgroup subsys io
[    0.411703] Initializing cgroup subsys memory
[    0.414002] Initializing cgroup subsys devices
[    0.416528] Initializing cgroup subsys freezer
[    0.420885] Initializing cgroup subsys net_cls
[    0.423728] Initializing cgroup subsys perf_event
[    0.426181] Initializing cgroup subsys net_prio
[    0.429709] Initializing cgroup subsys hugetlb
[    0.434151] Initializing cgroup subsys pids
[    0.438552] mce: CPU supports 0 MCE banks
[    0.447348] Last level iTLB entries: 4KB 64, 2MB 8, 4MB 8
[    0.452386] Last level dTLB entries: 4KB 64, 2MB 0, 4MB 0, 1GB 4
[    0.458083] Spectre V2 : Mitigation: Full generic retpoline
[    0.465274] Spectre V2 : Spectre v2 / SpectreRSB mitigation: Filling RSB on context switch
[    0.473257] Speculative Store Bypass: Vulnerable
[    0.482711] Freeing SMP alternatives memory: 36K
[    0.496038] ftrace: allocating 32287 entries in 127 pages
[    0.588941] smpboot: APIC(0) Converting physical 0 to logical package 0
[    0.592301] smpboot: Max logical packages: 1
[    0.595918] x2apic enabled
[    0.598524] Switched APIC routing to physical x2apic.
[    0.603072] ..TIMER: vector=0x30 apic1=0 pin1=2 apic2=-1 pin2=-1
[    0.713331] smpboot: CPU0: Intel(R) Core(TM) i5-5250U CPU @ 1.60GHz (family: 0x6, model: 0x3d, stepping: 0x4)
[    0.724984] Performance Events: unsupported p6 CPU model 61 no PMU driver, software events only.
[    0.746005] KVM setup paravirtual spinlock
[    0.750336] x86: Booting SMP configuration:
[    0.752964] .... node  #0, CPUs:      #1
[    0.756171] kvm-clock: cpu 1, msr 0:3ffe3041, secondary cpu clock
[    0.763034] mce: CPU supports 0 MCE banks
[    0.771411] x86: Booted up 1 node, 2 CPUs
[    0.777893] smpboot: Total of 2 processors activated (6399.99 BogoMIPS)
[    0.787444] devtmpfs: initialized
[    0.795231] evm: security.selinux
[    0.799041] evm: security.SMACK64
[    0.804752] evm: security.SMACK64EXEC
[    0.809757] evm: security.SMACK64TRANSMUTE
[    0.815479] evm: security.SMACK64MMAP
[    0.819732] evm: security.ima
[    0.824696] evm: security.capability
[    0.836071] clocksource: jiffies: mask: 0xffffffff max_cycles: 0xffffffff, max_idle_ns: 7645041785100000 ns
[    0.855177] futex hash table entries: 512 (order: 3, 32768 bytes)
[    0.869642] pinctrl core: initialized pinctrl subsystem
[    0.875927] RTC time: 11:09:56, date: 05/31/19
[    0.878919] NET: Registered protocol family 16
[    0.889982] cpuidle: using governor ladder
[    0.906155] cpuidle: using governor menu
[    0.908366] PCCT header not found.
[    0.910290] ACPI: bus type PCI registered
[    0.911769] acpiphp: ACPI Hot Plug PCI Controller Driver version: 0.5
[    0.914146] PCI: Using configuration type 1 for base access
[    0.931161] ACPI: Added _OSI(Module Device)
[    0.935164] ACPI: Added _OSI(Processor Device)
[    0.939494] ACPI: Added _OSI(3.0 _SCP Extensions)
[    0.951307] ACPI: Added _OSI(Processor Aggregator Device)
[    0.957050] ACPI: Executed 1 blocks of module-level executable AML code
[    0.966823] ACPI: Interpreter enabled
[    0.971223] ACPI: (supports S0 S5)
[    0.973030] ACPI: Using IOAPIC for interrupt routing
[    0.977066] PCI: Using host bridge windows from ACPI; if necessary, use "pci=nocrs" and report a bug
[    0.993935] ACPI: PCI Root Bridge [PCI0] (domain 0000 [bus 00-ff])
[    0.999056] acpi PNP0A03:00: _OSC: OS supports [ASPM ClockPM Segments MSI]
[    1.003490] acpi PNP0A03:00: _OSC: not requesting OS control; OS requires [ExtendedConfig ASPM ClockPM MSI]
[    1.014124] acpi PNP0A03:00: fail to add MMCONFIG information, can't access extended PCI configuration space under this bridge.
[    1.023112] PCI host bridge to bus 0000:00
[    1.028437] pci_bus 0000:00: root bus resource [io  0x0000-0x0cf7 window]
[    1.033405] pci_bus 0000:00: root bus resource [io  0x0d00-0xffff window]
[    1.037963] pci_bus 0000:00: root bus resource [mem 0x000a0000-0x000bffff window]
[    1.044683] pci_bus 0000:00: root bus resource [mem 0x40000000-0xfdffffff window]
[    1.051754] pci_bus 0000:00: root bus resource [bus 00-ff]
[    1.062833] pci 0000:00:01.1: legacy IDE quirk: reg 0x10: [io  0x01f0-0x01f7]
[    1.068081] pci 0000:00:01.1: legacy IDE quirk: reg 0x14: [io  0x03f6]
[    1.073216] pci 0000:00:01.1: legacy IDE quirk: reg 0x18: [io  0x0170-0x0177]
[    1.078298] pci 0000:00:01.1: legacy IDE quirk: reg 0x1c: [io  0x0376]
[    1.111721] pci 0000:00:07.0: quirk: [io  0x4000-0x403f] claimed by PIIX4 ACPI
[    1.114920] pci 0000:00:07.0: quirk: [io  0x4100-0x410f] claimed by PIIX4 SMB
[    1.145917] ACPI: PCI Interrupt Link [LNKA] (IRQs 5 9 10 *11)
[    1.150961] ACPI: PCI Interrupt Link [LNKB] (IRQs 5 9 *10 11)
[    1.154964] ACPI: PCI Interrupt Link [LNKC] (IRQs 5 *9 10 11)
[    1.160480] ACPI: PCI Interrupt Link [LNKD] (IRQs 5 9 10 *11)
[    1.169249] ACPI: Enabled 2 GPEs in block 00 to 07
[    1.172906] vgaarb: setting as boot device: PCI:0000:00:02.0
[    1.177986] vgaarb: device added: PCI:0000:00:02.0,decodes=io+mem,owns=io+mem,locks=none
[    1.183174] vgaarb: loaded
[    1.185030] vgaarb: bridge control possible 0000:00:02.0
[    1.188578] SCSI subsystem initialized
[    1.191067] ACPI: bus type USB registered
[    1.192718] usbcore: registered new interface driver usbfs
[    1.196084] usbcore: registered new interface driver hub
[    1.198701] usbcore: registered new device driver usb
[    1.202076] PCI: Using ACPI for IRQ routing
[    1.204993] NetLabel: Initializing
[    1.207203] NetLabel:  domain hash size = 128
[    1.209757] NetLabel:  protocols = UNLABELED CIPSOv4
[    1.216403] NetLabel:  unlabeled traffic allowed by default
[    1.219702] amd_nb: Cannot enumerate AMD northbridges
[    1.222422] clocksource: Switched to clocksource kvm-clock
[    1.238621] AppArmor: AppArmor Filesystem Enabled
[    1.241195] pnp: PnP ACPI init
[    1.245157] pnp: PnP ACPI: found 3 devices
[    1.263233] clocksource: acpi_pm: mask: 0xffffff max_cycles: 0xffffff, max_idle_ns: 2085701024 ns
[    1.267479] NET: Registered protocol family 2
[    1.270277] TCP established hash table entries: 8192 (order: 4, 65536 bytes)
[    1.274367] TCP bind hash table entries: 8192 (order: 5, 131072 bytes)
[    1.277442] TCP: Hash tables configured (established 8192 bind 8192)
[    1.280555] UDP hash table entries: 512 (order: 2, 16384 bytes)
[    1.283578] UDP-Lite hash table entries: 512 (order: 2, 16384 bytes)
[    1.286930] NET: Registered protocol family 1
[    1.289393] pci 0000:00:00.0: Limiting direct PCI/PCI transfers
[    1.291679] pci 0000:00:01.0: Activating ISA DMA hang workarounds
[    1.294598] Unpacking initramfs...
[    1.646990] Freeing initrd memory: 14828K
[    1.649815] RAPL PMU detected, API unit is 2^-32 Joules, 4 fixed counters 10737418240 ms ovfl timer
[    1.655060] hw unit of domain pp0-core 2^-0 Joules
[    1.659515] hw unit of domain package 2^-0 Joules
[    1.662878] hw unit of domain dram 2^-0 Joules
[    1.669453] hw unit of domain pp1-gpu 2^-0 Joules
[    1.672060] platform rtc_cmos: registered platform RTC device (no PNP device found)
[    1.676231] Scanning for low memory corruption every 60 seconds
[    1.680709] audit: initializing netlink subsys (disabled)
[    1.683619] audit: type=2000 audit(1559301006.384:1): initialized
[    1.686557] Initialise system trusted keyring
[    1.689983] HugeTLB registered 2 MB page size, pre-allocated 0 pages
[    1.695358] zbud: loaded
[    1.697639] VFS: Disk quotas dquot_6.6.0
[    1.700515] VFS: Dquot-cache hash table entries: 512 (order 0, 4096 bytes)
[    1.704182] squashfs: version 4.0 (2009/01/31) Phillip Lougher
[    1.707889] fuse init (API version 7.23)
[    1.709710] Key type big_key registered
[    1.711558] Allocating IMA MOK and blacklist keyrings.
[    1.717704] Key type asymmetric registered
[    1.719715] Asymmetric key parser 'x509' registered
[    1.722901] Block layer SCSI generic (bsg) driver version 0.4 loaded (major 249)
[    1.728333] io scheduler noop registered
[    1.731453] io scheduler deadline registered (default)
[    1.733835] io scheduler cfq registered
[    1.736343] pci_hotplug: PCI Hot Plug PCI Core version: 0.5
[    1.738833] pciehp: PCI Express Hot Plug Controller Driver version: 0.4
[    1.742862] ACPI: AC Adapter [AC] (off-line)
[    1.745327] input: Power Button as /devices/LNXSYSTM:00/LNXPWRBN:00/input/input0
[    1.749209] ACPI: Power Button [PWRF]
[    1.751486] input: Sleep Button as /devices/LNXSYSTM:00/LNXSLPBN:00/input/input1
[    1.754667] ACPI: Sleep Button [SLPF]
[    1.758626] GHES: HEST is not enabled!
[    1.759581] ACPI: Battery Slot [BAT0] (battery present)
[    1.763697] Serial: 8250/16550 driver, 32 ports, IRQ sharing enabled
[    1.787966] 00:02: ttyS0 at I/O 0x3f8 (irq = 4, base_baud = 115200) is a 16550A
[    1.797286] Linux agpgart interface v0.103
[    1.803658] loop: module loaded
[    1.806013] scsi host0: ata_piix
[    1.807832] scsi host1: ata_piix
[    1.809630] ata1: PATA max UDMA/33 cmd 0x1f0 ctl 0x3f6 bmdma 0xd000 irq 14
[    1.812273] ata2: PATA max UDMA/33 cmd 0x170 ctl 0x376 bmdma 0xd008 irq 15
[    1.815395] libphy: Fixed MDIO Bus: probed
[    1.817361] tun: Universal TUN/TAP device driver, 1.6
[    1.820403] tun: (C) 1999-2004 Max Krasnyansky <maxk@qualcomm.com>
[    1.823704] PPP generic driver version 2.4.2
[    1.825911] ehci_hcd: USB 2.0 'Enhanced' Host Controller (EHCI) Driver
[    1.829235] ehci-pci: EHCI PCI platform driver
[    1.831658] ehci-platform: EHCI generic platform driver
[    1.833912] ohci_hcd: USB 1.1 'Open' Host Controller (OHCI) Driver
[    1.837525] ohci-pci: OHCI PCI platform driver
[    1.839754] ohci-platform: OHCI generic platform driver
[    1.842406] uhci_hcd: USB Universal Host Controller Interface driver
[    1.845323] i8042: PNP: PS/2 Controller [PNP0303:PS2K,PNP0f03:PS2M] at 0x60,0x64 irq 1,12
[    1.850146] serio: i8042 KBD port at 0x60,0x64 irq 1
[    1.852697] serio: i8042 AUX port at 0x60,0x64 irq 12
[    1.856050] mousedev: PS/2 mouse device common for all mice
[    1.859387] input: AT Translated Set 2 keyboard as /devices/platform/i8042/serio0/input/input2
[    1.864471] rtc_cmos rtc_cmos: rtc core: registered rtc_cmos as rtc0
[    1.867965] rtc_cmos rtc_cmos: alarms up to one day, 114 bytes nvram
[    1.870875] i2c /dev entries driver
[    1.873057] device-mapper: uevent: version 1.0.3
[    1.875150] device-mapper: ioctl: 4.34.0-ioctl (2015-10-28) initialised: dm-devel@redhat.com
[    1.879489] ledtrig-cpu: registered to indicate activity on CPUs
[    1.883511] NET: Registered protocol family 10
[    1.886180] NET: Registered protocol family 17
[    1.888692] Key type dns_resolver registered
[    1.892299] registered taskstats version 1
[    1.894684] Loading compiled-in X.509 certificates
[    1.899055] Loaded X.509 cert 'Build time autogenerated kernel key: 4dcb2dc2c7cf43e0c20c44384f68683c20294489'
[    1.904813] zswap: loaded using pool lzo/zbud
[    1.911240] Key type trusted registered
[    1.927004] Key type encrypted registered
[    1.930335] AppArmor: AppArmor sha1 policy hashing enabled
[    1.937324] ima: No TPM chip found, activating TPM-bypass!
[    1.940938] ima: Allocated hash algorithm: sha1
[    1.943966] evm: HMAC attrs: 0x1
[    1.945976]   Magic number: 3:107:177
[    1.949054] rtc_cmos rtc_cmos: setting system clock to 2019-05-31 11:09:57 UTC (1559300997)
[    1.955230] BIOS EDD facility v0.16 2004-Jun-25, 0 devices found
[    1.962280] EDD information not available.
[    1.977102] Freeing unused kernel memory: 1484K
[    2.007672] Write protecting the kernel read-only data: 14336k
[    2.021671] Freeing unused kernel memory: 1620K
[    2.029885] Freeing unused kernel memory: 68K
Loading, please wait...
starting version[    2.082999] random: systemd-udevd: uninitialized urandom read (16 bytes read, 5 bits of entropy available)
 229
[    2.084246] random: udevadm: uninitialized urandom read (16 bytes read, 5 bits of entropy available)
[    2.084287] random: udevadm: uninitialized urandom read (16 bytes read, 5 bits of entropy available)
[    2.100264] random: udevadm: uninitialized urandom read (16 bytes read, 5 bits of entropy available)
[    2.100369] random: udevadm: uninitialized urandom read (16 bytes read, 5 bits of entropy available)
[    2.100841] random: udevadm: uninitialized urandom read (16 bytes read, 5 bits of entropy available)
[    2.100968] random: udevadm: uninitialized urandom read (16 bytes read, 5 bits of entropy available)
[    2.101061] random: udevadm: uninitialized urandom read (16 bytes read, 5 bits of entropy available)
[    2.101231] random: udevadm: uninitialized urandom read (16 bytes read, 5 bits of entropy available)
[    2.101360] random: udevadm: uninitialized urandom read (16 bytes read, 5 bits of entropy available)
[    2.213776] Fusion MPT base driver 3.04.20
[    2.242056] Copyright (c) 1999-2008 LSI Corporation
[    2.254773] e1000: Intel(R) PRO/1000 Network Driver - version 7.3.21-k8-NAPI
[    2.262096] e1000: Copyright (c) 1999-2006 Intel Corporation.
[    2.314082] AVX2 version of gcm_enc/dec engaged.
[    2.336062] AES CTR mode by8 optimization enabled
[    2.353503] Fusion MPT SPI Host driver 3.04.20
[    2.505357] input: ImExPS/2 Generic Explorer Mouse as /devices/platform/i8042/serio1/input/input4
[    2.670605] tsc: Refined TSC clocksource calibration: 1600.363 MHz
[    2.674300] clocksource: tsc: mask: 0xffffffffffffffff max_cycles: 0x17117bc18b0, max_idle_ns: 440795203828 ns
[    2.865189] e1000 0000:00:03.0 eth0: (PCI:33MHz:32-bit) 02:3a:f4:24:e2:72
[    2.869252] e1000 0000:00:03.0 eth0: Intel(R) PRO/1000 Network Connection
[    2.874843] e1000 0000:00:03.0 enp0s3: renamed from eth0
[    2.878799] mptbase: ioc0: Initiating bringup
[    2.942987] ioc0: LSI53C1030 A0: Capabilities={Initiator}
[    3.106933] scsi host2: ioc0: LSI53C1030 A0, FwRev=00000000h, Ports=1, MaxQ=256, IRQ=20
[    3.223568] scsi 2:0:0:0: Direct-Access     VBOX     HARDDISK         1.0  PQ: 0 ANSI: 5
[    3.230118] scsi target2:0:0: Beginning Domain Validation
[    3.236154] scsi target2:0:0: Domain Validation skipping write tests
[    3.239466] scsi target2:0:0: Ending Domain Validation
[    3.243815] scsi target2:0:0: asynchronous
[    3.247202] scsi 2:0:1:0: Direct-Access     VBOX     HARDDISK         1.0  PQ: 0 ANSI: 5
[    3.264902] scsi target2:0:1: Beginning Domain Validation
[    3.269823] scsi target2:0:1: Domain Validation skipping write tests
[    3.272736] scsi target2:0:1: Ending Domain Validation
[    3.275247] scsi target2:0:1: asynchronous
[    3.286577] sd 2:0:0:0: [sda] 20971520 512-byte logical blocks: (10.7 GB/10.0 GiB)
[    3.290671] sd 2:0:0:0: Attached scsi generic sg0 type 0
[    3.293654] sd 2:0:1:0: [sdb] 20480 512-byte logical blocks: (10.5 MB/10.0 MiB)
[    3.297644] sd 2:0:1:0: Attached scsi generic sg1 type 0
[    3.297756] sd 2:0:0:0: [sda] Write Protect is off
[    3.303505] sd 2:0:1:0: [sdb] Write Protect is off
[    3.303550] sd 2:0:0:0: [sda] Incomplete mode parameter data
[    3.303553] sd 2:0:0:0: [sda] Assuming drive cache: write through
[    3.309744] sd 2:0:1:0: [sdb] Incomplete mode parameter data
[    3.309748] sd 2:0:1:0: [sdb] Assuming drive cache: write through
[    3.322375]  sda: sda1
[    3.325813] sd 2:0:1:0: [sdb] Attached SCSI disk
[    3.328217] sd 2:0:0:0: [sda] Attached SCSI disk
Begin: Loading essential drivers ... [    4.862985] md: linear personality registered for level -1
[    4.871278] md: multipath personality registered for level -4
[    4.878960] md: raid0 personality registered for level 0
[    4.891104] md: raid1 personality registered for level 1
[    4.967024] raid6: sse2x1   gen()  4485 MB/s
[    5.034777] raid6: sse2x1   xor()  3492 MB/s
[    5.102548] raid6: sse2x2   gen()  6106 MB/s
[    5.170509] raid6: sse2x2   xor()  4681 MB/s
[    5.238894] raid6: sse2x4   gen()  6944 MB/s
[    5.306967] raid6: sse2x4   xor()  5267 MB/s
[    5.378519] raid6: avx2x1   gen() 11719 MB/s
[    5.446921] raid6: avx2x2   gen() 12308 MB/s
[    5.518729] raid6: avx2x4   gen()  7405 MB/s
[    5.528371] raid6: using algorithm avx2x2 gen() 12308 MB/s
[    5.545786] raid6: using avx2x2 recovery algorithm
[    5.566197] xor: automatically using best checksumming function:
[    5.612675]    avx       : 18709.000 MB/sec
[    5.618188] async_tx: api initialized (async)
[    5.645032] md: raid6 personality registered for level 6
[    5.648153] md: raid5 personality registered for level 5
[    5.650717] md: raid4 personality registered for level 4
[    5.662091] md: raid10 personality registered for level 10
done.
Begin: Running /scripts/init-premount ... done.
Begin: Mounting root file system ... Begin: Running /scripts/local-top ... done.
Begin: Running /scripts/local-premount ... [    5.717337] Btrfs loaded
Scanning for Btrfs filesystems
done.
Warning: fsck not present, so skipping root file system
[    5.790919] EXT4-fs (sda1): mounted filesystem with ordered data mode. Opts: (null)
done.
Begin: Running /scripts/local-bottom ... done.
Begin: Running /scripts/init-bottom ... done.
[    6.131205] systemd[1]: systemd 229 running in system mode. (+PAM +AUDIT +SELINUX +IMA +APPARMOR +SMACK +SYSVINIT +UTMP +LIBCRYPTSETUP +GCRYPT +GNUTLS +ACL +XZ -LZ4 +SECCOMP +BLKID +ELFUTILS +KMOD -IDN)
[    6.139600] systemd[1]: Detected virtualization oracle.
[    6.142194] systemd[1]: Detected architecture x86-64.

Welcome to [1mUbuntu 16.04.6 LTS[0m!

[    6.153067] systemd[1]: Set hostname to <ubuntu>.
[    6.160505] systemd[1]: Initializing machine ID from random generator.
[    6.163485] systemd[1]: Installed transient /etc/machine-id file.
[    6.881482] systemd[1]: Listening on LVM2 metadata daemon socket.
[[0;32m  OK  [0m] Listening on LVM2 metadata daemon socket.
[    6.887628] systemd[1]: Listening on Device-mapper event daemon FIFOs.
[[0;32m  OK  [0m] Listening on Device-mapper event daemon FIFOs.
[    6.894362] systemd[1]: Created slice User and Session Slice.
[[0;32m  OK  [0m] Created slice User and Session Slice.
[    6.900438] systemd[1]: Reached target Swap.
[[0;32m  OK  [0m] Reached target Swap.
[    6.904605] systemd[1]: Reached target System Time Synchronized.
[[0;32m  OK  [0m] Reached target System Time Synchronized.
[    6.914356] systemd[1]: Created slice System Slice.
[[0;32m  OK  [0m] Created slice System Slice.
[    6.927271] systemd[1]: Listening on LVM2 poll daemon socket.
[[0;32m  OK  [0m] Listening on LVM2 poll daemon socket.
[    6.933739] systemd[1]: Started Trigger resolvconf update for networkd DNS.
[[0;32m  OK  [0m] Started Trigger resolvconf update for networkd DNS.
[    6.941682] systemd[1]: Listening on Journal Socket.
[[0;32m  OK  [0m] Listening on Journal Socket.
[    6.975110] systemd[1]: Starting Load Kernel Modules...
         Starting Load Kernel Modules...
[    6.981262] systemd[1]: Starting Set console keymap...
         Starting Set console keymap...
[    6.988777] systemd[1]: Mounting POSIX Message Queue File System...
         Mounting POSIX Message Queue File System...
[    6.997094] systemd[1]: Starting Uncomplicated firewall...
         Starting Uncomplicated firewall...
[    7.010943] systemd[1]: Listening on udev Control Socket.
[[    7.015187] Loading iSCSI transport class v2.0-870.
[0;32m  OK  [0m] Listening on udev Control Socket.
[    7.035210] systemd[1]: Starting Remount Root and Kernel File Systems...
         Starting Remount Root and Kernel File Systems...
[    7.041969] iscsi: registered transport (tcp)
[    7.042354] systemd[1]: Listening on Journal Audit Socket.
[[0;32m  OK  [0m] Listening on Journal Audit Socket.
[    7.051903] systemd[1]: Starting Nameserver information manager...
[    7.053478] EXT4-fs (sda1): re-mounted. Opts: (null)
         Starting Nameserver information manager...
[    7.089629] systemd[1]: Mounting Debug File System...
         Mounting Debug File System...
[    7.106976] systemd[1]: Listening on udev Kernel Socket.
[[0;32m  OK  [0m] Listening on udev Kernel Socket.
[    7.113487] systemd[1]: Listening on /dev/initctl Compatibility Named Pipe.
[[0;32m  OK  [0m] Listening on /dev/initctl Compatibility Named Pipe.
[    7.127208] systemd[1]: Reached target User and Group Name Lookups.
[[0;32m  OK  [0m] Reached target User and Group Name Lookups.
[    7.133686] systemd[1]: Set up automount Arbitrary Executable File Formats File System Automount Point.
[[0;32m  OK  [0m] Set up automount Arbitrary Executab...ats File System Automount Point.
[    7.149969] iscsi: registered transport (iser)
[    7.167545] systemd[1]: Mounting Huge Pages File System...
         Mounting Huge Pages File System...
[    7.172542] systemd[1]: Started Forward Password Requests to Wall Directory Watch.
[[0;32m  OK  [0m] Started Forward Password Requests to Wall Directory Watch.
[    7.180714] systemd[1]: Created slice system-serial\x2dgetty.slice.
[[0;32m  OK  [0m] Created slice system-serial\x2dgetty.slice.
[    7.187822] systemd[1]: Listening on Journal Socket (/dev/log).
[[0;32m  OK  [0m] Listening on Journal Socket (/dev/log).
[    7.194926] systemd[1]: Starting Monitoring of LVM2 mirrors, snapshots etc. using dmeventd or progress polling...
         Starting Monitoring of LVM2 mirrors... dmeventd or progress polling...
[    7.211226] systemd[1]: Reached target Encrypted Volumes.
[[0;32m  OK  [0m] Reached target Encrypted Volumes.
[    7.216137] systemd[1]: Reached target Slices.
[[0;32m  OK  [0m] Reached target Slices.
[    7.229849] systemd[1]: Starting Create list of required static device nodes for the current kernel...
         Starting Create list of required st... nodes for the current kernel...
[    7.243450] systemd[1]: Listening on Syslog Socket.
[[0;32m  OK  [0m] Listening on Syslog Socket.
[    7.275300] systemd[1]: Starting Journal Service...
         Starting Journal Service...
[    7.290731] systemd[1]: Mounted POSIX Message Queue File System.
[[0;32m  OK  [0m] Mounted POSIX Message Queue File System.
[    7.298153] systemd[1]: Mounted Debug File System.
[[0;32m  OK  [0m] Mounted Debug File System.
[    7.315082] systemd[1]: Mounted Huge Pages File System.
[[0;32m  OK  [0m] Mounted Huge Pages File System.
[    7.320551] systemd[1]: Started Load Kernel Modules.
[[0;32m  OK  [0m] Started Load Kernel Modules.
[    7.326080] systemd[1]: Started Set console keymap.
[[0;32m  OK  [0m] Started Set console keymap.
[    7.338327] systemd[1]: Started Uncomplicated firewall.
[[0;32m  OK  [0m] Started Uncomplicated firewall.
[    7.354551] systemd[1]: Started Remount Root and Kernel File Systems.
[[0;32m  OK  [0m] Started Remount Root and Kernel File Systems.
[    7.388170] systemd[1]: Started Create list of required static device nodes for the current kernel.
[[0;32m  OK  [0m] Started Create list of required sta...ce nodes for the current kernel.
[    7.408004] systemd[1]: Started Nameserver information manager.
[[0;32m  OK  [0m] Started Nameserver information manager.
[    7.419408] systemd[1]: Started Journal Service.
[    7.423408] random: nonblocking pool is initialized
[[0;32m  OK  [0m] Started Journal Service.
[[0;32m  OK  [0m] Started LVM2 metadata daemon.
         Starting Create Static Device Nodes in /dev...
         Starting Flush Journal to Persistent Storage...
         Starting udev Coldplug all Devices...
         Starting Load/Save Random Seed...
         Starting Apply Kernel Variables...
         Mounting FUSE Control File System...
[[0;32m  OK  [0m] Mounted FUSE Control File System.
[[0;32m  OK  [0m] Started Load/Save Random Seed.
[[0;32m  OK  [0m] Started Create Static Device Nodes in /dev.
[[0;32m  OK  [0m] Started Apply Kernel Variables.
[[0;32m  OK  [0m] Started Flush Journal to Persistent Storage.
[[0;32m  OK  [0m] Started udev Coldplug all Devices.
         Starting udev Kernel Device Manager...
[[0;32m  OK  [0m] Started Monitoring of LVM2 mirrors,...ng dmeventd or progress polling.
[[0;32m  OK  [0m] Reached target Local File Systems (Pre).
[[0;32m  OK  [0m] Reached target Local File Systems.
         Starting LSB: AppArmor initialization...
         Starting Set console font and keymap...
         Starting Create Volatile Files and Directories...
         Starting Initial cloud-init job (pre-networking)...
         Starting Commit a transient machine-id on disk...
         Starting Tell Plymouth To Write Out Runtime Data...
[[0;32m  OK  [0m] Started udev Kernel Device Manager.
[[0;32m  OK  [0m] Started Create Volatile Files and Directories.
[[0;32m  OK  [0m] Started Commit a transient machine-id on disk.
[[0;32m  OK  [0m] Started Tell Plymouth To Write Out Runtime Data.
         Starting Update UTMP about System Boot/Shutdown...
[[0;32m  OK  [0m] Started Dispatch Password Requests to Console Directory Watch.
[[0;32m  OK  [0m] Started Update UTMP about System Boot/Shutdown.
[[0;32m  OK  [0m] Found device /dev/ttyS0.
[[0;32m  OK  [0m] Listening on Load/Save RF Kill Switch Status /dev/rfkill Watch.
[[0;32m  OK  [0m] Started LSB: AppArmor initialization.
[[0;32m  OK  [0m] Started Set console font and keymap.
[[0;32m  OK  [0m] Created slice system-getty.slice.
[   10.376227] cloud-init[479]: Cloud-init v. 18.5-45-g3554ffe8-0ubuntu1~16.04.1 running 'init-local' at Fri, 31 May 2019 11:10:05 +0000. Up 9.72 seconds.
[[0;32m  OK  [0m] Started Initial cloud-init job (pre-networking).
[[0;32m  OK  [0m] Reached target Network (Pre).
         Starting Raise network interfaces...
[[0;32m  OK  [0m] Started Raise network interfaces.
[[0;32m  OK  [0m] Reached target Network.
         Starting Initial cloud-init job (metadata service crawler)...
[   12.584040] cloud-init[942]: Cloud-init v. 18.5-45-g3554ffe8-0ubuntu1~16.04.1 running 'init' at Fri, 31 May 2019 11:10:07 +0000. Up 11.49 seconds.
[   12.596669] cloud-init[942]: ci-info: ++++++++++++++++++++++++++++++++++++++Net device info++++++++++++++++++++++++++++++++++++++
[   12.603012] cloud-init[942]: ci-info: +--------+------+----------------------------+---------------+--------+-------------------+
[   12.608080] cloud-init[942]: ci-info: | Device |  Up  |          Address           |      Mask     | Scope  |     Hw-Address    |
[   12.620507] cloud-init[942]: ci-info: +--------+------+----------------------------+---------------+--------+-------------------+
[   12.625378] cloud-init[942]: ci-info: | enp0s3 | True |         10.0.2.15          | 255.255.255.0 | global | 02:3a:f4:24:e2:72 |
[   12.637499] cloud-init[942]: ci-info: | enp0s3 | True | fe80::3a:f4ff:fe24:e272/64 |       .       |  link  | 02:3a:f4:24:e2:72 |
[   12.642921] cloud-init[942]: ci-info: |   lo   | True |         127.0.0.1          |   255.0.0.0   |  host  |         .         |
[   12.648087] cloud-init[942]: ci-info: |   lo   | True |          ::1/128           |       .       |  host  |         .         |
[   12.653319] cloud-init[942]: ci-info: +--------+------+----------------------------+---------------+--------+-------------------+
[   12.657374] cloud-init[942]: ci-info: +++++++++++++++++++++++++++Route IPv4 info++++++++++++++++++++++++++++
[   12.662616] cloud-init[942]: ci-info: +-------+-------------+----------+---------------+-----------+-------+
[   12.667531] cloud-init[942]: ci-info: | Route | Destination | Gateway  |    Genmask    | Interface | Flags |
[   12.672600] cloud-init[942]: ci-info: +-------+-------------+----------+---------------+-----------+-------+
[   12.676227] cloud-init[942]: ci-info: |   0   |   0.0.0.0   | 10.0.2.2 |    0.0.0.0    |   enp0s3  |   UG  |
[   12.689270] cloud-init[942]: ci-info: |   1   |   10.0.2.0  | 0.0.0.0  | 255.255.255.0 |   enp0s3  |   U   |
[   12.706584] cloud-init[942]: ci-info: +-------+-------------+----------+---------------+-----------+-------+
[[0;32m  OK  [0m] Started Initial cloud-init job (metadata service crawler).
[[0;32m  OK  [0m] Reached target Network is Online.
[   12.718091] cloud-init[942]: ci-info: +++++++++++++++++++Route IPv6 info+++++++++++++++++++
[   12.728690] cloud-init[942]: ci-info: +-------+-------------+---------+-----------+-------+
[   12.732394] cloud-init[942]: ci-info: | Route | Destination | Gateway | Interface | Flags |
[   12.735476] cloud-init[942]: ci-info: +-------+-------------+---------+-----------+-------+
[   12.740464] cloud-init[942]: ci-info: |   0   |  fe80::/64  |    ::   |   enp0s3  |   U   |
[   12.743329] cloud-init         Starting iSCSI initiator daemon (iscsid)...
[[0;32m  OK  [0m] Reached target System Initialization.
[942]: ci-info: |   3   |   ff00::/8  |    ::   |   enp0s3  |   U   |
[   12.750825] cloud-init[942]: ci-info: +-------+-------------+---------+-----------+-------+
[   12.751477] cloud-init[942]: Generating public/private rsa key pair.
[   12.752918] cloud-init[942]: Your identification has been saved in /etc/ssh/ssh_host_rsa_key.
[   12.759521] cloud-init[942]: Your public key has been saved in /etc/ssh/ssh_host_rsa_key.pub.
[   12.763124] cloud-init[942]: The key fingerprint is:
[   12.766764] cloud-init[942]: SHA256:w39bj8MLKSF3JbHghJjLksOA6kPZIKJYm32EMEP3YeA root@ubuntu-xenial
[   12.767762] cloud-init[942]: The key's randomart image is:
[   12.774065] cloud-init[942]: +---[RSA 2048]----+
[   12.775262] cloud-init[942]: | o=.oooo .o .    |
[   12.777810] cloud-init[942]: |+.o=.o+..o . o   |
[   12.778597] cloud-init[[942]: |*.+*E+..  . o .  |
[   12.784420] cloud-init[942]: |+oo.* +.     o   |
[   12.785743] cloud-init[942]: |o    +  S o .    |
[   12.789803] cloud-init[942]: | o       = o .   |
[   12.791414] cloud-init[942]: |  .       o +..  |
[   12.794276] cloud-init[942]: |           o +oo |
[   12.796213] cloud-init[942]: |            . oo.|
[   12.798675] cloud-init[942]: +----[SHA256]-----+
[   12.801701] cloud-init[942]: Generating public/private dsa key pair.
[   12.802876] cloud-init[942]: Your identification has been saved in /etc/ssh/ssh_host_dsa_key.
[   12.802957] cloud-init[942]: Your public key has been saved in /etc/ssh/ssh_host_dsa_key.pub.
[   12.803024] cloud-init[942]: The key fingerprint is:
[   12.803109] cloud-init[942]: SHA256:FoIZT68m2d4yqsMTstVyJ5CozphTr1VytsOgXKIHgTo root@ubuntu-xenial
[   12.803177] cloud-init[942]: The key's randomart image is:
[   12.803243] cloud-init[942]: +---[DSA 1024]----+
[   12.803314] cloud-init[942]: |    . .          |
[   12.814309] cloud-init[942]: |.    * .         |
[   12.824950] cloud-init[942]: |o. .o o o        |
[0;32m  OK  [0m[   12.830083] cloud-init[942]: |o.o  o o .       |
[   12.830885] cloud-init[942]: |E .o* B S        |
[   12.833373] cloud-init[942]: |o==++@.+         |
[   12.834771] cloud-init[942]: |=B+=.oB .        |
[   12.838285] cloud-init[942]: |=++... +         |
[   12.840793] cloud-init[942]: | .o=.            |
[   12.841671] cloud-init[942]: +----[SHA256]-----+
[   12.844534] cloud-init[942]: Generating public/private ecdsa key pair.
[   12.846575] cloud-init[942]: Your identification has been saved in /etc/ssh/ssh_host_ecdsa_key.
[   12.848916] cloud-init[942]: Your public key has been saved in /etc/ssh/ssh_host_ecdsa_key.pub.
[   12.853886] cloud-init[942]: The key fingerprint is:
[   12.857334] cloud-init[942]: SHA256:AxcnL2rnhPXCWtsfRnsrhcRu1o6rkklgkNlFG8hZrKw root@ubuntu-xenial
[   12.858898] cloud-init[942]: The key's randomart image is:
[   12.862765] cloud-init[942]: +---[ECDSA 256]---+
[   12.866170] cloud-init[942]: |     = BB .      |
[   12.867788] cloud-init[942]: |    + = .B       |
[   12.871310] cloud-init[942]: |     o..= ..     |
[   12.872732] cloud-init[942]: |      =B o  o    |
[   12.874570] cloud-init[942]: |     o+.S .o.o   |
] Started Daily Cleanup of Temporary Directories.
[[0;32m  OK  [0m] Listening on ACPID Listen Socket.
[   12.874976] cloud-init[942]: |    E. *.= .=.o  |
[   12.885268] cloud-init[942]: |      ..oo.o++.  |
[   12.887789] cloud-init[942]: |        +  ooo.. |
[   12.891766] [[0;32m  OK  [0m] Started ACPI Events Check.
[[0;32m  OK  [0m] Reached target Paths.
cloud-init[942]: |         ...oo.  |
[   12.899717]          Starting LXD - unix socket.
         Starting Socket activation for snappy daemon.
[cloud-init[0;32m  OK  [0m] Started Daily apt download activities.
[[0;32m  OK  [0m] Started Daily apt upgrade and clean activities.
[[0;32m  OK  [0m] Reached target Timers.
[[0;32m  OK  [0m] Listening on UUID daemon activation socket.
[[0;32m  OK  [0m] Listening on D-Bus System Message Bus Socket.
[[0;32m  OK  [0m] Reached target Cloud-config availability.
[[0;32m  OK  [0m] Listening on LXD - unix socket.
[[0;32m  OK  [0m] Listening on Socket activation for snappy daemon.
[942]: +----[SHA256]-----+
[   12.926271] cloud-init[[0;32m  OK  [0m] Reached target Sockets.
[[0;32m  OK  [0m] Reached target Basic System.
[942]: Generating public/private ed25519 key pair.
[   12.934865] cloud-init[942]: Your identification has been saved in /etc/ssh/ssh_host_ed25519_key.
[   12.939478] cloud-init[942]: Your public key has been saved in /etc/ssh/ssh_host_ed25519_key.pub.
[   12.942569] cloud-init[942]: The key fingerprint is:
[   12.944728] cloud-init[942]: SHA256:/KNMd0jHp/cKQiwR03DXCyTswfYl/AwawwWGBw7NBpA root@ubuntu-xenial
[   12.948691] [[0;32m  OK  [0m] Started ACPI event daemon.
cloud-init[942]: The key's randomart image is:
[[0;32m  OK  [0m] Started Regular background program processing daemon.
[   12.957530]          Starting Accounts Service...
cloud-init[942]:          Starting Virtualbox guest utils...
[[0;32m  OK  [0m] Started Unattended Upgrades Shutdown.
[+--[ED25519 256]--+[0;32m  OK  [0m] Started Deferred execution scheduler.
[
[   12.978904] cloud-init[0;32m  OK  [0m] Started FUSE filesystem for LXC.
         Starting System Logging Service...
         [942]: |    .oo+=O==+.   |Starting Login Service...

[   12.993349]          Starting /etc/rc.local Compatibility...
cloud-init[942]: |    E  o==@o= o  |
         Starting Snappy daemon...
         Starting Pollinate to seed the pseudo random number generator...
         Starting LSB: MD monitoring daemon...
[[0;32m  OK  [0m] Started D-Bus System Message Bus.
[   13.027663] cloud-init[942]: |       .o+ * B . |
[   13.032504] cloud-init[942]: |       . oo.. +  |
[   13.036570] cloud-init[942]: |        S + o .  |
[   13.041684] cloud-init[942]: |         = o o   |
[   13.046368] cloud-init[942]: |        . * + .  |
[   13.052977] cloud-init[942]: |       o o + o . |
[   13.058629] cloud-init[942]: |        o     ...|
[   13.063403] cloud-init[942]: +----[SHA256]-----+
         Starting LSB: Record successful boot for GRUB...
         Starting LXD - container startup/shutdown...
[[0;32m  OK  [0m] Started System Logging Service.
[[0;32m  OK  [0m] Started /etc/rc.local Compatibility.
[[0;32m  OK  [0m] Started iSCSI initiator daemon (iscsid).
[[0;32m  OK  [0m] Started Login Service.
         Starting Authenticate and Authorize Users to Run Privileged Tasks...
         Starting Login to default iSCSI targets...
[[0;32m  OK  [0m] Started LSB: Record successful boot for GRUB.
[[0;32m  OK  [0m] Started LSB: MD monitoring daemon.
[[0;32m  OK  [0m] Started Login to default iSCSI targets.
[[0;32m  OK  [0m] Reached target Remote File Systems (Pre).
[[0;32m  OK  [0m] Reached target Remote File Systems.
         Starting Permit User Sessions...
         Starting LSB: automatic crash report generation...
         Starting LSB: daemon to balance interrupts for SMP systems...
         Starting LSB: Set the CPU Frequency Scaling governor to "ondemand"...
[[0;32m  OK  [0m] Started Permit User Sessions.
[[0;32m  OK  [0m] Started Authenticate and Authorize Users to Run Privileged Tasks.
[[0;32m  OK  [0m] Started Accounts Service.
[[0;32m  OK  [0m] Started Virtualbox guest utils.
         Starting Hold until boot process finishes up...
         Starting Terminate Plymouth Boot Screen...
[[0;32m  OK  [0m] Started LSB: Set the CPU Frequency Scaling governor to "ondemand".
[[0;32m  OK  [0m] Started Hold until boot process finishes up.
[[0;32m  OK  [0m] Started Snappy daemon.
[[0;32m  OK  [0m] Started LSB: automatic crash report generation.
[[0;32m  OK  [0m] Started Terminate Plymouth Boot Screen.
[[0;32m  OK  [0m] Started Pollinate to seed the pseudo random number generator.
[[0;32m  OK  [0m] Started LSB: daemon to balance interrupts for SMP systems.
[[0;32m  OK  [0m] Started LXD - container startup/shutdown.
         Starting OpenBSD Secure Shell server...
         Starting Wait until snapd is fully seeded...
[[0;32m  OK  [0m] Started Serial Getty on ttyS0.
[[0;32m  OK  [0m] Started Getty on tty1.
[[0;32m  OK  [0m] Reached target Login Prompts.
         Starting Set console scheme...
[[0;32m  OK  [0m] Started Set console scheme.
[[0;32m  OK  [0m] Started OpenBSD Secure Shell server.
[[0;32m  OK  [0m] Created slice User Slice of vagrant.
         Starting User Manager for UID 1000...
[[0;32m  OK  [0m] Started Session 1 of user vagrant.
[[0;32m  OK  [0m] Started User Manager for UID 1000.
[[0;32m  OK  [0m] Started Wait until snapd is fully seeded.
[[0;32m  OK  [0m] Reached target Multi-User System.
[[0;32m  OK  [0m] Reached target Graphical Interface.
         Starting Update UTMP about System Runlevel Changes...
         Starting Apply the settings specified in cloud-config...
[[0;32m  OK  [0m] Started Update UTMP about System Runlevel Changes.
         Stopping User Manager for UID 1000...
[[0;32m  OK  [0m] Stopped User Manager for UID 1000.
[[0;32m  OK  [0m] Removed slice User Slice of vagrant.
[[0;32m  OK  [0m] Created slice User Slice of vagrant.
         Starting User Manager for UID 1000...
[[0;32m  OK  [0m] Started Session 2 of user vagrant.
[[0;32m  OK  [0m] Started User Manager for UID 1000.
[   18.182583] cloud-init[1480]: Generating locales (this might take a while)...
[   19.770801] cloud-init[1480]:   en_US.UTF-8... done
[   19.776248] cloud-init[1480]: Generation complete.

Ubuntu 16.04.6 LTS default-ubuntu-1604 ttyS0

default-ubuntu-1604 login: [   20.733089] cloud-init[1480]: Cloud-init v. 18.5-45-g3554ffe8-0ubuntu1~16.04.1 running 'modules:config' at Fri, 31 May 2019 11:10:14 +0000. Up 17.94 seconds.
ci-info: no authorized ssh keys fingerprints found for user ubuntu.
<14>May 31 11:10:17 ec2: 
<14>May 31 11:10:17 ec2: #############################################################
<14>May 31 11:10:17 ec2: -----BEGIN SSH HOST KEY FINGERPRINTS-----
<14>May 31 11:10:17 ec2: 1024 SHA256:FoIZT68m2d4yqsMTstVyJ5CozphTr1VytsOgXKIHgTo root@ubuntu-xenial (DSA)
<14>May 31 11:10:17 ec2: 256 SHA256:AxcnL2rnhPXCWtsfRnsrhcRu1o6rkklgkNlFG8hZrKw root@ubuntu-xenial (ECDSA)
<14>May 31 11:10:17 ec2: 256 SHA256:/KNMd0jHp/cKQiwR03DXCyTswfYl/AwawwWGBw7NBpA root@ubuntu-xenial (ED25519)
<14>May 31 11:10:17 ec2: 2048 SHA256:w39bj8MLKSF3JbHghJjLksOA6kPZIKJYm32EMEP3YeA root@ubuntu-xenial (RSA)
<14>May 31 11:10:17 ec2: -----END SSH HOST KEY FINGERPRINTS-----
<14>May 31 11:10:17 ec2: #############################################################
-----BEGIN SSH HOST KEY KEYS-----
ecdsa-sha2-nistp256 AAAAE2VjZHNhLXNoYTItbmlzdHAyNTYAAAAIbmlzdHAyNTYAAABBBN2EMcasQ+ajYMCeOc5Vm7aPM4xVkUEJKvbUUfPmWbHywRRh9JWOUTJVqkClBJ+k8eq3RkOyiq4sGNpIPor7wSU= root@ubuntu-xenial
ssh-ed25519 AAAAC3NzaC1lZDI1NTE5AAAAINMR51Sx4L7FdAaYBFo5O5P+su028MIxIVDgaWzAMhAS root@ubuntu-xenial
ssh-rsa AAAAB3NzaC1yc2EAAAADAQABAAABAQC27guy53cKnUywa4FieU//ppNjJj6hZ8mq9DRl4xbqKPXOlkgqDOc0gS4khBmaoLwX2+JAV1mg/ey/2/DMf0Wg5+azq/PaXYdfe/yOiX7UYhREBqM/mUC9JyQTb9Tr1ijzXUZOnMVKU4cuy6SzLXIzL45upZkWVyKDaFbAHwQ6gKUHvsrZ9hd3eBM99WsqmXO/1jc0fQhmJWiIW98xkmWFUmI/h/3yIsJRlygZRurUHQ0XPVEJsJHr/g6XmwUh9tOg0UqG+Ml+dyPAHSW9NnLA1brs7Q3fb68DYwrowVT3g35qDcTKVLs3TowkS/mBKaKQbzJW7ZKK56Y5fq9y2zIj root@ubuntu-xenial
-----END SSH HOST KEY KEYS-----
[   21.505570] cloud-init[1728]: Cloud-init v. 18.5-45-g3554ffe8-0ubuntu1~16.04.1 running 'modules:final' at Fri, 31 May 2019 11:10:17 +0000. Up 21.21 seconds.
[   21.505881] cloud-init[1728]: ci-info: no authorized ssh keys fingerprints found for user ubuntu.
[   21.506185] cloud-init[1728]: Cloud-init v. 18.5-45-g3554ffe8-0ubuntu1~16.04.1 finished at Fri, 31 May 2019 11:10:17 +0000. Datasource DataSourceNoCloud [seed=/dev/sdb][dsmode=net].  Up 21.49 seconds
