[    0.000000] Initializing cgroup subsys cpuset
[    0.000000] Initializing cgroup subsys cpu
[    0.000000] Initializing cgroup subsys cpuacct
[    0.000000] Linux version 4.4.0-146-generic (buildd@lcy01-amd64-025) (gcc version 5.4.0 20160609 (Ubuntu 5.4.0-6ubuntu1~16.04.10) ) #172-Ubuntu SMP Wed Apr 3 09:00:08 UTC 2019 (Ubuntu 4.4.0-146.172-generic 4.4.177)
[    0.000000] Command line: BOOT_IMAGE=/boot/vmlinuz-4.4.0-146-generic root=LABEL=cloudimg-rootfs ro console=tty1 console=ttyS0
[    0.000000] KERNEL supported cpus:
[    0.000000]   Intel GenuineIntel
[    0.000000]   AMD AuthenticAMD
[    0.000000]   Centaur CentaurHauls
[    0.000000] x86/fpu: xstate_offset[2]:  576, xstate_sizes[2]:  256
[    0.000000] x86/fpu: Supporting XSAVE feature 0x01: 'x87 floating point registers'
[    0.000000] x86/fpu: Supporting XSAVE feature 0x02: 'SSE registers'
[    0.000000] x86/fpu: Supporting XSAVE feature 0x04: 'AVX registers'
[    0.000000] x86/fpu: Enabled xstate features 0x7, context size is 832 bytes, using 'standard' format.
[    0.000000] e820: BIOS-provided physical RAM map:
[    0.000000] BIOS-e820: [mem 0x0000000000000000-0x000000000009fbff] usable
[    0.000000] BIOS-e820: [mem 0x000000000009fc00-0x000000000009ffff] reserved
[    0.000000] BIOS-e820: [mem 0x00000000000f0000-0x00000000000fffff] reserved
[    0.000000] BIOS-e820: [mem 0x0000000000100000-0x000000003ffeffff] usable
[    0.000000] BIOS-e820: [mem 0x000000003fff0000-0x000000003fffffff] ACPI data
[    0.000000] BIOS-e820: [mem 0x00000000fec00000-0x00000000fec00fff] reserved
[    0.000000] BIOS-e820: [mem 0x00000000fee00000-0x00000000fee00fff] reserved
[    0.000000] BIOS-e820: [mem 0x00000000fffc0000-0x00000000ffffffff] reserved
[    0.000000] NX (Execute Disable) protection: active
[    0.000000] SMBIOS 2.5 present.
[    0.000000] Hypervisor detected: KVM
[    0.000000] e820: last_pfn = 0x3fff0 max_arch_pfn = 0x400000000
[    0.000000] MTRR: Disabled
[    0.000000] x86/PAT: MTRRs disabled, skipping PAT initialization too.
[    0.000000] CPU MTRRs all blank - virtualized system.
[    0.000000] x86/PAT: Configuration [0-7]: WB  WT  UC- UC  WB  WT  UC- UC  
[    0.000000] found SMP MP-table at [mem 0x0009fff0-0x0009ffff] mapped at [ffff88000009fff0]
[    0.000000] Scanning 1 areas for low memory corruption
[    0.000000] RAMDISK: [mem 0x362fa000-0x37174fff]
[    0.000000] ACPI: Early table checksum verification disabled
[    0.000000] ACPI: RSDP 0x00000000000E0000 000024 (v02 VBOX  )
[    0.000000] ACPI: XSDT 0x000000003FFF0030 00003C (v01 VBOX   VBOXXSDT 00000001 ASL  00000061)
[    0.000000] ACPI: FACP 0x000000003FFF00F0 0000F4 (v04 VBOX   VBOXFACP 00000001 ASL  00000061)
[    0.000000] ACPI: DSDT 0x000000003FFF0470 0022EA (v02 VBOX   VBOXBIOS 00000002 INTL 20100528)
[    0.000000] ACPI: FACS 0x000000003FFF0200 000040
[    0.000000] ACPI: FACS 0x000000003FFF0200 000040
[    0.000000] ACPI: APIC 0x000000003FFF0240 00005C (v02 VBOX   VBOXAPIC 00000001 ASL  00000061)
[    0.000000] ACPI: SSDT 0x000000003FFF02A0 0001CC (v01 VBOX   VBOXCPUT 00000002 INTL 20100528)
[    0.000000] No NUMA configuration found
[    0.000000] Faking a node at [mem 0x0000000000000000-0x000000003ffeffff]
[    0.000000] NODE_DATA(0) allocated [mem 0x3ffeb000-0x3ffeffff]
[    0.000000] kvm-clock: Using msrs 4b564d01 and 4b564d00
[    0.000000] kvm-clock: cpu 0, msr 0:3ffe3001, primary cpu clock
[    0.000000] kvm-clock: using sched offset of 8598756252 cycles
[    0.000000] clocksource: kvm-clock: mask: 0xffffffffffffffff max_cycles: 0x1cd42e4dffb, max_idle_ns: 881590591483 ns
[    0.000000] Zone ranges:
[    0.000000]   DMA      [mem 0x0000000000001000-0x0000000000ffffff]
[    0.000000]   DMA32    [mem 0x0000000001000000-0x000000003ffeffff]
[    0.000000]   Normal   empty
[    0.000000]   Device   empty
[    0.000000] Movable zone start for each node
[    0.000000] Early memory node ranges
[    0.000000]   node   0: [mem 0x0000000000001000-0x000000000009efff]
[    0.000000]   node   0: [mem 0x0000000000100000-0x000000003ffeffff]
[    0.000000] Initmem setup node 0 [mem 0x0000000000001000-0x000000003ffeffff]
[    0.000000] ACPI: PM-Timer IO Port: 0x4008
[    0.000000] IOAPIC[0]: apic_id 2, version 32, address 0xfec00000, GSI 0-23
[    0.000000] ACPI: INT_SRC_OVR (bus 0 bus_irq 0 global_irq 2 dfl dfl)
[    0.000000] ACPI: INT_SRC_OVR (bus 0 bus_irq 9 global_irq 9 low level)
[    0.000000] Using ACPI (MADT) for SMP configuration information
[    0.000000] smpboot: Allowing 2 CPUs, 0 hotplug CPUs
[    0.000000] PM: Registered nosave memory: [mem 0x00000000-0x00000fff]
[    0.000000] PM: Registered nosave memory: [mem 0x0009f000-0x0009ffff]
[    0.000000] PM: Registered nosave memory: [mem 0x000a0000-0x000effff]
[    0.000000] PM: Registered nosave memory: [mem 0x000f0000-0x000fffff]
[    0.000000] e820: [mem 0x40000000-0xfebfffff] available for PCI devices
[    0.000000] Booting paravirtualized kernel on KVM
[    0.000000] clocksource: refined-jiffies: mask: 0xffffffff max_cycles: 0xffffffff, max_idle_ns: 7645519600211568 ns
[    0.000000] setup_percpu: NR_CPUS:512 nr_cpumask_bits:512 nr_cpu_ids:2 nr_node_ids:1
[    0.000000] PERCPU: Embedded 34 pages/cpu @ffff88003fc00000 s99480 r8192 d31592 u1048576
[    0.000000] Built 1 zonelists in Node order, mobility grouping on.  Total pages: 257912
[    0.000000] Policy zone: DMA32
[    0.000000] Kernel command line: BOOT_IMAGE=/boot/vmlinuz-4.4.0-146-generic root=LABEL=cloudimg-rootfs ro console=tty1 console=ttyS0
[    0.000000] PID hash table entries: 4096 (order: 3, 32768 bytes)
[    0.000000] Memory: 997732K/1048120K available (8609K kernel code, 1334K rwdata, 4028K rodata, 1484K init, 1284K bss, 50388K reserved, 0K cma-reserved)
[    0.000000] SLUB: HWalign=64, Order=0-3, MinObjects=0, CPUs=2, Nodes=1
[    0.000000] Kernel/User page tables isolation: enabled
[    0.000000] Hierarchical RCU implementation.
[    0.000000] 	Build-time adjustment of leaf fanout to 64.
[    0.000000] 	RCU restricting CPUs from NR_CPUS=512 to nr_cpu_ids=2.
[    0.000000] RCU: Adjusting geometry for rcu_fanout_leaf=64, nr_cpu_ids=2
[    0.000000] NR_IRQS:33024 nr_irqs:440 16
[    0.000000] Console: colour VGA+ 80x25
[    0.000000] console [tty1] enabled
[    0.000000] console [ttyS0] enabled
[    0.000000] tsc: Detected 1599.999 MHz processor
[    0.272685] Calibrating delay loop (skipped) preset value.. 3199.99 BogoMIPS (lpj=6399996)
[    0.275715] pid_max: default: 32768 minimum: 301
[    0.277641] ACPI: Core revision 20150930
[    0.280814] ACPI: 2 ACPI AML tables successfully acquired and loaded
[    0.283878] Security Framework initialized
[    0.285812] Yama: becoming mindful.
[    0.287560] AppArmor: AppArmor initialized
[    0.289927] Dentry cache hash table entries: 131072 (order: 8, 1048576 bytes)
[    0.295595] Inode-cache hash table entries: 65536 (order: 7, 524288 bytes)
[    0.298817] Mount-cache hash table entries: 2048 (order: 2, 16384 bytes)
[    0.301907] Mountpoint-cache hash table entries: 2048 (order: 2, 16384 bytes)
[    0.305375] Initializing cgroup subsys io
[    0.306842] Initializing cgroup subsys memory
[    0.308727] Initializing cgroup subsys devices
[    0.310876] Initializing cgroup subsys freezer
[    0.313235] Initializing cgroup subsys net_cls
[    0.315308] Initializing cgroup subsys perf_event
[    0.317533] Initializing cgroup subsys net_prio
[    0.320886] Initializing cgroup subsys hugetlb
[    0.324545] Initializing cgroup subsys pids
[    0.327646] mce: CPU supports 0 MCE banks
[    0.329570] Last level iTLB entries: 4KB 64, 2MB 8, 4MB 8
[    0.332300] Last level dTLB entries: 4KB 64, 2MB 0, 4MB 0, 1GB 4
[    0.335140] Spectre V2 : Mitigation: Full generic retpoline
[    0.337695] Spectre V2 : Spectre v2 / SpectreRSB mitigation: Filling RSB on context switch
[    0.342013] Speculative Store Bypass: Vulnerable
[    0.348401] Freeing SMP alternatives memory: 36K
[    0.358614] ftrace: allocating 32287 entries in 127 pages
[    0.435796] smpboot: APIC(0) Converting physical 0 to logical package 0
[    0.438845] smpboot: Max logical packages: 1
[    0.441199] x2apic enabled
[    0.443081] Switched APIC routing to physical x2apic.
[    0.446779] ..TIMER: vector=0x30 apic1=0 pin1=2 apic2=-1 pin2=-1
[    0.555898] smpboot: CPU0: Intel(R) Core(TM) i5-5250U CPU @ 1.60GHz (family: 0x6, model: 0x3d, stepping: 0x4)
[    0.560967] Performance Events: unsupported p6 CPU model 61 no PMU driver, software events only.
[    0.576099] KVM setup paravirtual spinlock
[    0.578667] x86: Booting SMP configuration:
[    0.580594] .... node  #0, CPUs:      #1
[    0.582220] kvm-clock: cpu 1, msr 0:3ffe3041, secondary cpu clock
[    0.584975] mce: CPU supports 0 MCE banks
[    0.588056] x86: Booted up 1 node, 2 CPUs
[    0.590377] smpboot: Total of 2 processors activated (6399.99 BogoMIPS)
[    0.593938] devtmpfs: initialized
[    0.596884] evm: security.selinux
[    0.598159] evm: security.SMACK64
[    0.599635] evm: security.SMACK64EXEC
[    0.601059] evm: security.SMACK64TRANSMUTE
[    0.602541] evm: security.SMACK64MMAP
[    0.603980] evm: security.ima
[    0.605118] evm: security.capability
[    0.606818] clocksource: jiffies: mask: 0xffffffff max_cycles: 0xffffffff, max_idle_ns: 7645041785100000 ns
[    0.610994] futex hash table entries: 512 (order: 3, 32768 bytes)
[    0.613311] pinctrl core: initialized pinctrl subsystem
[    0.615251] RTC time: 10:38:12, date: 05/31/19
[    0.617389] NET: Registered protocol family 16
[    0.628471] cpuidle: using governor ladder
[    0.641148] cpuidle: using governor menu
[    0.643167] PCCT header not found.
[    0.645224] ACPI: bus type PCI registered
[    0.646906] acpiphp: ACPI Hot Plug PCI Controller Driver version: 0.5
[    0.649762] PCI: Using configuration type 1 for base access
[    0.669290] ACPI: Added _OSI(Module Device)
[    0.671224] ACPI: Added _OSI(Processor Device)
[    0.673277] ACPI: Added _OSI(3.0 _SCP Extensions)
[    0.675013] ACPI: Added _OSI(Processor Aggregator Device)
[    0.677992] ACPI: Executed 1 blocks of module-level executable AML code
[    0.683102] ACPI: Interpreter enabled
[    0.684742] ACPI: (supports S0 S5)
[    0.686011] ACPI: Using IOAPIC for interrupt routing
[    0.687895] PCI: Using host bridge windows from ACPI; if necessary, use "pci=nocrs" and report a bug
[    0.697522] ACPI: PCI Root Bridge [PCI0] (domain 0000 [bus 00-ff])
[    0.700585] acpi PNP0A03:00: _OSC: OS supports [ASPM ClockPM Segments MSI]
[    0.703478] acpi PNP0A03:00: _OSC: not requesting OS control; OS requires [ExtendedConfig ASPM ClockPM MSI]
[    0.707029] acpi PNP0A03:00: fail to add MMCONFIG information, can't access extended PCI configuration space under this bridge.
[    0.711844] PCI host bridge to bus 0000:00
[    0.713351] pci_bus 0000:00: root bus resource [io  0x0000-0x0cf7 window]
[    0.715578] pci_bus 0000:00: root bus resource [io  0x0d00-0xffff window]
[    0.718030] pci_bus 0000:00: root bus resource [mem 0x000a0000-0x000bffff window]
[    0.721026] pci_bus 0000:00: root bus resource [mem 0x40000000-0xfdffffff window]
[    0.724208] pci_bus 0000:00: root bus resource [bus 00-ff]
[    0.730231] pci 0000:00:01.1: legacy IDE quirk: reg 0x10: [io  0x01f0-0x01f7]
[    0.734144] pci 0000:00:01.1: legacy IDE quirk: reg 0x14: [io  0x03f6]
[    0.738067] pci 0000:00:01.1: legacy IDE quirk: reg 0x18: [io  0x0170-0x0177]
[    0.741169] pci 0000:00:01.1: legacy IDE quirk: reg 0x1c: [io  0x0376]
[    0.771340] pci 0000:00:07.0: quirk: [io  0x4000-0x403f] claimed by PIIX4 ACPI
[    0.774806] pci 0000:00:07.0: quirk: [io  0x4100-0x410f] claimed by PIIX4 SMB
[    0.806780] ACPI: PCI Interrupt Link [LNKA] (IRQs 5 9 10 *11)
[    0.810083] ACPI: PCI Interrupt Link [LNKB] (IRQs 5 9 *10 11)
[    0.812913] ACPI: PCI Interrupt Link [LNKC] (IRQs 5 *9 10 11)
[    0.815424] ACPI: PCI Interrupt Link [LNKD] (IRQs 5 9 10 *11)
[    0.818115] ACPI: Enabled 2 GPEs in block 00 to 07
[    0.820481] vgaarb: setting as boot device: PCI:0000:00:02.0
[    0.822700] vgaarb: device added: PCI:0000:00:02.0,decodes=io+mem,owns=io+mem,locks=none
[    0.826215] vgaarb: loaded
[    0.827418] vgaarb: bridge control possible 0000:00:02.0
[    0.829814] SCSI subsystem initialized
[    0.831442] ACPI: bus type USB registered
[    0.833009] usbcore: registered new interface driver usbfs
[    0.835155] usbcore: registered new interface driver hub
[    0.837273] usbcore: registered new device driver usb
[    0.839791] PCI: Using ACPI for IRQ routing
[    0.842237] NetLabel: Initializing
[    0.843529] NetLabel:  domain hash size = 128
[    0.845185] NetLabel:  protocols = UNLABELED CIPSOv4
[    0.849366] NetLabel:  unlabeled traffic allowed by default
[    0.852365] amd_nb: Cannot enumerate AMD northbridges
[    0.854275] clocksource: Switched to clocksource kvm-clock
[    0.866738] AppArmor: AppArmor Filesystem Enabled
[    0.868960] pnp: PnP ACPI init
[    0.871870] pnp: PnP ACPI: found 3 devices
[    0.884267] clocksource: acpi_pm: mask: 0xffffff max_cycles: 0xffffff, max_idle_ns: 2085701024 ns
[    0.887753] NET: Registered protocol family 2
[    0.889592] TCP established hash table entries: 8192 (order: 4, 65536 bytes)
[    0.892495] TCP bind hash table entries: 8192 (order: 5, 131072 bytes)
[    0.895013] TCP: Hash tables configured (established 8192 bind 8192)
[    0.897282] UDP hash table entries: 512 (order: 2, 16384 bytes)
[    0.899360] UDP-Lite hash table entries: 512 (order: 2, 16384 bytes)
[    0.901970] NET: Registered protocol family 1
[    0.903711] pci 0000:00:00.0: Limiting direct PCI/PCI transfers
[    0.906039] pci 0000:00:01.0: Activating ISA DMA hang workarounds
[    0.908524] Unpacking initramfs...
[    1.261932] Freeing initrd memory: 14828K
[    1.263972] RAPL PMU detected, API unit is 2^-32 Joules, 4 fixed counters 10737418240 ms ovfl timer
[    1.268276] hw unit of domain pp0-core 2^-0 Joules
[    1.270719] hw unit of domain package 2^-0 Joules
[    1.273133] hw unit of domain dram 2^-0 Joules
[    1.275520] hw unit of domain pp1-gpu 2^-0 Joules
[    1.277856] platform rtc_cmos: registered platform RTC device (no PNP device found)
[    1.282233] Scanning for low memory corruption every 60 seconds
[    1.285432] audit: initializing netlink subsys (disabled)
[    1.288184] audit: type=2000 audit(1559299102.256:1): initialized
[    1.291569] Initialise system trusted keyring
[    1.294161] HugeTLB registered 2 MB page size, pre-allocated 0 pages
[    1.298817] zbud: loaded
[    1.300646] VFS: Disk quotas dquot_6.6.0
[    1.302643] VFS: Dquot-cache hash table entries: 512 (order 0, 4096 bytes)
[    1.306150] squashfs: version 4.0 (2009/01/31) Phillip Lougher
[    1.309214] fuse init (API version 7.23)
[    1.311577] Key type big_key registered
[    1.313466] Allocating IMA MOK and blacklist keyrings.
[    1.317648] Key type asymmetric registered
[    1.319683] Asymmetric key parser 'x509' registered
[    1.322069] Block layer SCSI generic (bsg) driver version 0.4 loaded (major 249)
[    1.326050] io scheduler noop registered
[    1.328544] io scheduler deadline registered (default)
[    1.331550] io scheduler cfq registered
[    1.333900] pci_hotplug: PCI Hot Plug PCI Core version: 0.5
[    1.337319] pciehp: PCI Express Hot Plug Controller Driver version: 0.4
[    1.341336] ACPI: AC Adapter [AC] (off-line)
[    1.344140] input: Power Button as /devices/LNXSYSTM:00/LNXPWRBN:00/input/input0
[    1.348039] ACPI: Power Button [PWRF]
[    1.349897] input: Sleep Button as /devices/LNXSYSTM:00/LNXSLPBN:00/input/input1
[    1.354136] ACPI: Sleep Button [SLPF]
[    1.358487] GHES: HEST is not enabled!
[    1.358644] ACPI: Battery Slot [BAT0] (battery present)
[    1.363907] Serial: 8250/16550 driver, 32 ports, IRQ sharing enabled
[    1.387379] 00:02: ttyS0 at I/O 0x3f8 (irq = 4, base_baud = 115200) is a 16550A
[    1.394814] Linux agpgart interface v0.103
[    1.400667] loop: module loaded
[    1.403313] scsi host0: ata_piix
[    1.405726] scsi host1: ata_piix
[    1.407874] ata1: PATA max UDMA/33 cmd 0x1f0 ctl 0x3f6 bmdma 0xd000 irq 14
[    1.410917] ata2: PATA max UDMA/33 cmd 0x170 ctl 0x376 bmdma 0xd008 irq 15
[    1.413865] libphy: Fixed MDIO Bus: probed
[    1.416080] tun: Universal TUN/TAP device driver, 1.6
[    1.419004] tun: (C) 1999-2004 Max Krasnyansky <maxk@qualcomm.com>
[    1.421859] PPP generic driver version 2.4.2
[    1.424263] ehci_hcd: USB 2.0 'Enhanced' Host Controller (EHCI) Driver
[    1.427536] ehci-pci: EHCI PCI platform driver
[    1.429759] ehci-platform: EHCI generic platform driver
[    1.432116] ohci_hcd: USB 1.1 'Open' Host Controller (OHCI) Driver
[    1.435058] ohci-pci: OHCI PCI platform driver
[    1.436956] ohci-platform: OHCI generic platform driver
[    1.439978] uhci_hcd: USB Universal Host Controller Interface driver
[    1.443682] i8042: PNP: PS/2 Controller [PNP0303:PS2K,PNP0f03:PS2M] at 0x60,0x64 irq 1,12
[    1.448610] serio: i8042 KBD port at 0x60,0x64 irq 1
[    1.451066] serio: i8042 AUX port at 0x60,0x64 irq 12
[    1.453918] mousedev: PS/2 mouse device common for all mice
[    1.457126] input: AT Translated Set 2 keyboard as /devices/platform/i8042/serio0/input/input2
[    1.462707] rtc_cmos rtc_cmos: rtc core: registered rtc_cmos as rtc0
[    1.465694] rtc_cmos rtc_cmos: alarms up to one day, 114 bytes nvram
[    1.468600] i2c /dev entries driver
[    1.470376] device-mapper: uevent: version 1.0.3
[    1.472689] device-mapper: ioctl: 4.34.0-ioctl (2015-10-28) initialised: dm-devel@redhat.com
[    1.476871] ledtrig-cpu: registered to indicate activity on CPUs
[    1.480331] NET: Registered protocol family 10
[    1.482714] NET: Registered protocol family 17
[    1.484821] Key type dns_resolver registered
[    1.487246] registered taskstats version 1
[    1.489214] Loading compiled-in X.509 certificates
[    1.492524] Loaded X.509 cert 'Build time autogenerated kernel key: 4dcb2dc2c7cf43e0c20c44384f68683c20294489'
[    1.497203] zswap: loaded using pool lzo/zbud
[    1.501705] Key type trusted registered
[    1.508012] Key type encrypted registered
[    1.510156] AppArmor: AppArmor sha1 policy hashing enabled
[    1.512736] ima: No TPM chip found, activating TPM-bypass!
[    1.515326] ima: Allocated hash algorithm: sha1
[    1.517902] evm: HMAC attrs: 0x1
[    1.520321]   Magic number: 3:963:629
[    1.522351] rtc_cmos rtc_cmos: setting system clock to 2019-05-31 10:38:13 UTC (1559299093)
[    1.527121] BIOS EDD facility v0.16 2004-Jun-25, 0 devices found
[    1.529895] EDD information not available.
[    1.572272] Freeing unused kernel memory: 1484K
[    1.575305] Write protecting the kernel read-only data: 14336k
[    1.578981] Freeing unused kernel memory: 1620K
[    1.581376] Freeing unused kernel memory: 68K
Loading, please wait...
starting version 229
[    1.602081] random: systemd-udevd: uninitialized urandom read (16 bytes read, 3 bits of entropy available)
[    1.604124] random: udevadm: uninitialized urandom read (16 bytes read, 3 bits of entropy available)
[    1.604157] random: udevadm: uninitialized urandom read (16 bytes read, 3 bits of entropy available)
[    1.617752] random: systemd-udevd: uninitialized urandom read (16 bytes read, 3 bits of entropy available)
[    1.620748] random: udevadm: uninitialized urandom read (16 bytes read, 3 bits of entropy available)
[    1.620824] random: udevadm: uninitialized urandom read (16 bytes read, 3 bits of entropy available)
[    1.621059] random: udevadm: uninitialized urandom read (16 bytes read, 3 bits of entropy available)
[    1.621146] random: udevadm: uninitialized urandom read (16 bytes read, 3 bits of entropy available)
[    1.621238] random: udevadm: uninitialized urandom read (16 bytes read, 3 bits of entropy available)
[    1.621326] random: udevadm: uninitialized urandom read (16 bytes read, 3 bits of entropy available)
[    1.696291] e1000: Intel(R) PRO/1000 Network Driver - version 7.3.21-k8-NAPI
[    1.700118] e1000: Copyright (c) 1999-2006 Intel Corporation.
[    1.705325] Fusion MPT base driver 3.04.20
[    1.707889] Copyright (c) 1999-2008 LSI Corporation
[    1.749836] AVX2 version of gcm_enc/dec engaged.
[    1.753826] AES CTR mode by8 optimization enabled
[    1.768282] Fusion MPT SPI Host driver 3.04.20
[    1.944118] input: ImExPS/2 Generic Explorer Mouse as /devices/platform/i8042/serio1/input/input4
[    2.187150] e1000 0000:00:03.0 eth0: (PCI:33MHz:32-bit) 02:3a:f4:24:e2:72
[    2.192130] e1000 0000:00:03.0 eth0: Intel(R) PRO/1000 Network Connection
[    2.274512] tsc: Refined TSC clocksource calibration: 1599.206 MHz
[    2.279360] clocksource: tsc: mask: 0xffffffffffffffff max_cycles: 0x170d36e4816, max_idle_ns: 440795224242 ns
[    3.282380] e1000 0000:00:08.0 eth1: (PCI:33MHz:32-bit) 08:00:27:c9:0d:7c
[    3.285081] e1000 0000:00:08.0 eth1: Intel(R) PRO/1000 Network Connection
[    3.288790] mptbase: ioc0: Initiating bringup
[    3.291725] e1000 0000:00:08.0 enp0s8: renamed from eth1
[    3.311153] e1000 0000:00:03.0 enp0s3: renamed from eth0
[    3.394173] ioc0: LSI53C1030 A0: Capabilities={Initiator}
[    5.202265] scsi host2: ioc0: LSI53C1030 A0, FwRev=00000000h, Ports=1, MaxQ=256, IRQ=20
[    5.423398] scsi 2:0:0:0: Direct-Access     VBOX     HARDDISK         1.0  PQ: 0 ANSI: 5
[    5.427382] scsi target2:0:0: Beginning Domain Validation
[    5.430569] scsi target2:0:0: Domain Validation skipping write tests
[    5.433124] scsi target2:0:0: Ending Domain Validation
[    5.446440] scsi target2:0:0: asynchronous
[    5.449211] scsi 2:0:1:0: Direct-Access     VBOX     HARDDISK         1.0  PQ: 0 ANSI: 5
[    5.452253] scsi target2:0:1: Beginning Domain Validation
[    5.455657] scsi target2:0:1: Domain Validation skipping write tests
[    5.458473] scsi target2:0:1: Ending Domain Validation
[    5.460822] scsi target2:0:1: asynchronous
[    5.471078] sd 2:0:0:0: Attached scsi generic sg0 type 0
[    5.473212] sd 2:0:0:0: [sda] 20971520 512-byte logical blocks: (10.7 GB/10.0 GiB)
[    5.476543] sd 2:0:1:0: [sdb] 20480 512-byte logical blocks: (10.5 MB/10.0 MiB)
[    5.476758] sd 2:0:1:0: Attached scsi generic sg1 type 0
[    5.477239] sd 2:0:0:0: [sda] Write Protect is off
[    5.477413] sd 2:0:0:0: [sda] Incomplete mode parameter data
[    5.477415] sd 2:0:0:0: [sda] Assuming drive cache: write through
[    5.481044]  sda: sda1
[    5.482391] sd 2:0:0:0: [sda] Attached SCSI disk
[    5.493072] sd 2:0:1:0: [sdb] Write Protect is off
[    5.495108] sd 2:0:1:0: [sdb] Incomplete mode parameter data
[    5.497291] sd 2:0:1:0: [sdb] Assuming drive cache: write through
[    5.503841] sd 2:0:1:0: [sdb] Attached SCSI disk
Begin: Loading essential drivers ... [    7.041754] md: linear personality registered for level -1
[    7.047712] md: multipath personality registered for level -4
[    7.053937] md: raid0 personality registered for level 0
[    7.063694] md: raid1 personality registered for level 1
[    7.138419] raid6: sse2x1   gen()  7170 MB/s
[    7.206579] raid6: sse2x1   xor()  5875 MB/s
[    7.274567] raid6: sse2x2   gen()  9121 MB/s
[    7.343361] raid6: sse2x2   xor()  5629 MB/s
[    7.410390] raid6: sse2x4   gen()  9780 MB/s
[    7.478503] raid6: sse2x4   xor()  7167 MB/s
[    7.546521] raid6: avx2x1   gen() 14857 MB/s
[    7.614361] raid6: avx2x2   gen() 17790 MB/s
[    7.682740] raid6: avx2x4   gen() 20182 MB/s
[    7.684503] raid6: using algorithm avx2x4 gen() 20182 MB/s
[    7.686834] raid6: using avx2x2 recovery algorithm
[    7.690271] xor: automatically using best checksumming function:
[    7.730459]    avx       : 21625.000 MB/sec
[    7.733957] async_tx: api initialized (async)
[    7.753355] md: raid6 personality registered for level 6
[    7.755746] md: raid5 personality registered for level 5
[    7.757849] md: raid4 personality registered for level 4
[    7.769599] md: raid10 personality registered for level 10
done.
Begin: Running /scripts/init-premount ... done.
Begin: Mounting root file system ... Begin: Running /scripts/local-top ... done.
Begin: Running /scripts/local-premount ... [    7.814077] Btrfs loaded
Scanning for Btrfs filesystems
done.
Warning: fsck not present, so skipping root file system
[    7.907033] EXT4-fs (sda1): mounted filesystem with ordered data mode. Opts: (null)
done.
Begin: Running /scripts/local-bottom ... done.
Begin: Running /scripts/init-bottom ... done.
[    8.322767] systemd[1]: systemd 229 running in system mode. (+PAM +AUDIT +SELINUX +IMA +APPARMOR +SMACK +SYSVINIT +UTMP +LIBCRYPTSETUP +GCRYPT +GNUTLS +ACL +XZ -LZ4 +SECCOMP +BLKID +ELFUTILS +KMOD -IDN)
[    8.332202] systemd[1]: Detected virtualization oracle.
[    8.335552] systemd[1]: Detected architecture x86-64.

Welcome to [1mUbuntu 16.04.6 LTS[0m!

[    8.345299] systemd[1]: Set hostname to <ubuntu>.
[    8.354113] systemd[1]: Initializing machine ID from random generator.
[    8.357225] systemd[1]: Installed transient /etc/machine-id file.
[    8.989265] systemd[1]: Listening on Journal Socket.
[[0;32m  OK  [0m] Listening on Journal Socket.
[    8.999393] systemd[1]: Listening on udev Kernel Socket.
[[0;32m  OK  [0m] Listening on udev Kernel Socket.
[    9.003876] systemd[1]: Started Forward Password Requests to Wall Directory Watch.
[[0;32m  OK  [0m] Started Forward Password Requests to Wall Directory Watch.
[    9.009289] systemd[1]: Listening on udev Control Socket.
[[0;32m  OK  [0m] Listening on udev Control Socket.
[    9.014664] systemd[1]: Listening on Syslog Socket.
[[0;32m  OK  [0m] Listening on Syslog Socket.
[    9.018328] systemd[1]: Listening on Journal Audit Socket.
[[0;32m  OK  [0m] Listening on Journal Audit Socket.
[    9.022356] systemd[1]: Set up automount Arbitrary Executable File Formats File System Automount Point.
[[0;32m  OK  [0m] Set up automount Arbitrary Executab...ats File System Automount Point.
[    9.028521] systemd[1]: Listening on LVM2 poll daemon socket.
[[0;32m  OK  [0m] Listening on LVM2 poll daemon socket.
[    9.033207] systemd[1]: Listening on Journal Socket (/dev/log).
[[0;32m  OK  [0m] Listening on Journal Socket (/dev/log).
[    9.037523] systemd[1]: Listening on LVM2 metadata daemon socket.
[[0;32m  OK  [0m] Listening on LVM2 metadata daemon socket.
[    9.042248] systemd[1]: Reached target System Time Synchronized.
[[0;32m  OK  [0m] Reached target System Time Synchronized.
[    9.047255] systemd[1]: Reached target User and Group Name Lookups.
[[0;32m  OK  [0m] Reached target User and Group Name Lookups.
[    9.059428] systemd[1]: Reached target Encrypted Volumes.
[[0;32m  OK  [0m] Reached target Encrypted Volumes.
[    9.064418] systemd[1]: Listening on Device-mapper event daemon FIFOs.
[[0;32m  OK  [0m] Listening on Device-mapper event daemon FIFOs.
[    9.069179] systemd[1]: Created slice System Slice.
[[0;32m  OK  [0m] Created slice System Slice.
[    9.083501] systemd[1]: Starting Set console keymap...
         Starting Set console keymap...
[    9.088949] systemd[1]: Starting Uncomplicated firewall...
         Starting Uncomplicated firewall...
[    9.101361] systemd[1]: Starting Create list of required static device nodes for the current kernel...
         Starting Create list of required st... nodes for the current kernel...
[    9.109905] systemd[1]: Mounting Huge Pages File System...
         Mounting Huge Pages File System...
[    9.115964] systemd[1]: Mounting Debug File System...
         Mounting Debug File System...
[    9.121365] systemd[1]: Starting Remount Root and Kernel File Systems...
         Starting Remount Root and Kernel File Systems...
[    9.128866] systemd[1]: Mounting POSIX Message Queue File System...
         Mounting POSIX Message Queue File System...
    9.134428] EXT4-fs (sda1): re-mounted. Opts: (null)
[    9.142383] systemd[1]: Starting Load Kernel Modules...
         Starting Load Kernel Modules...
[    9.150371] systemd[1]: Created slice system-serial\x2dgetty.slice.
[[0;32m  OK  [0m] Created slice system-serial\x2dgetty.slice.
[    9.160418] systemd[1]: Created slice User and Session Slice.
[[0;32m  OK  [0m] Created slice User and Session Slice.
[    9.167199] systemd[1]: Reached target Swap.
[[0;32m  OK  [0m] Reached target Swap.
[    9.172635] systemd[1]: Listening on /dev/initctl Compatibility Named Pipe.
[    9.177321] Loading iSCSI transport class v2.0-870.
[[0;32m  OK  [0m] Listening on /dev/initctl Compatibility Named Pipe.
[    9.182885] systemd[1]: Reached target Slices.
[[0;32m  OK  [0m] Reached target Slices.
[    9.200648] iscsi: registered transport (tcp)
[    9.203185] systemd[1]: Starting Journal Service...
         Starting Journal Service...
[    9.211163] systemd[1]: Started Trigger resolvconf update for networkd DNS.
[[0;32m  OK  [0m] Started Trigger resolvconf update for networkd DNS.
[    9.222965] systemd[1]: Starting Nameserver information manager...
         Starting Nameserver information manager...
[    9.232411] systemd[1]: Starting Monitoring of LVM2 mirrors, snapshots etc. using dmeventd or progress polling...
         Starting Monitoring of LVM2 mirrors... dmeventd or progress polling...
[    9.252092] systemd[1]: Mounted POSIX Message Queue File System.
[    9.257431] random: nonblocking pool is initialized
[[0;32m  OK  [0m] Mounted POSIX Message Queue File System.
[    9.268473] systemd[1]: Mounted Debug File System.
[[0;32m  OK  [0m] Mounted Debug File System.
[    9.277596] systemd[1]: Mounted Huge Pages File System.
[[0;32m  OK  [0m] Mounted Huge Pages File System.
[    9.286644] systemd[1]: Started Set console keymap.
[[0;32m  OK  [0m] Started Set console keymap.
[    9.309971] systemd[1]: Started Uncomplicated firewall.
[[0;32m  OK  [0m] Started Uncomplicated firewall.
[    9.317792] systemd[1]: Started Create list of required static device nodes for the current kernel.
[[0;32m  OK  [0m] Started Create list of required sta...ce nodes for the current kernel.
[    9.340515] systemd[1]: Started Remount Root and Kernel File Systems.
[[0;32m  OK  [0m] Started Remount Root and Kernel File Systems.
[    9.383280] iscsi: registered transport (iser)
[    9.387679] systemd[1]: Started Nameserver information manager.
[[0;32m  OK  [0m] Started Nameserver information manager.
[    9.408040] systemd[1]: Started Load Kernel Modules.
[[0;32m  OK  [0m] Started Load Kernel Modules.
[    9.413889] systemd[1]: Started Journal Service.
[[0;32m  OK  [0m] Started Journal Service.
         Mounting FUSE Control File System...
         Starting Apply Kernel Variables...
[[0;32m  OK  [0m] Started LVM2 metadata daemon.
         Starting Flush Journal to Persistent Storage...
         Starting Load/Save Random Seed...
         Starting udev Coldplug all Devices...
         Starting Create Static Device Nodes in /dev...
[[0;32m  OK  [0m] Mounted FUSE Control File System.
[[0;32m  OK  [0m] Started Load/Save Random Seed.
[[0;32m  OK  [0m] Started Apply Kernel Variables.
[[0;32m  OK  [0m] Started Create Static Device Nodes in /dev.
[[0;32m  OK  [0m] Started Flush Journal to Persistent Storage.
[[0;32m  OK  [0m] Started udev Coldplug all Devices.
         Starting udev Kernel Device Manager...
[[0;32m  OK  [0m] Started udev Kernel Device Manager.
[[0;32m  OK  [0m] Started Dispatch Password Requests to Console Directory Watch.
[[0;32m  OK  [0m] Found device /dev/ttyS0.
[[0;32m  OK  [0m] Started Monitoring of LVM2 mirrors,...ng dmeventd or progress polling.
[[0;32m  OK  [0m] Reached target Local File Systems (Pre).
[[0;32m  OK  [0m] Reached target Local File Systems.
         Starting Tell Plymouth To Write Out Runtime Data...
         Starting Initial cloud-init job (pre-networking)...
         Starting Set console font and keymap...
         Starting LSB: AppArmor initialization...
         Starting Create Volatile Files and Directories...
         Starting Commit a transient machine-id on disk...
[[0;32m  OK  [0m] Started Tell Plymouth To Write Out Runtime Data.
[[0;32m  OK  [0m] Started Create Volatile Files and Directories.
[[0;32m  OK  [0m] Listening on Load/Save RF Kill Switch Status /dev/rfkill Watch.
         Starting Update UTMP about System Boot/Shutdown...
[[0;32m  OK  [0m] Started Commit a transient machine-id on disk.
[[0;32m  OK  [0m] Started Update UTMP about System Boot/Shutdown.
[[0;32m  OK  [0m] Started LSB: AppArmor initialization.
[[0;32m  OK  [0m] Started Set console font and keymap.
[[0;32m  OK  [0m] Created slice system-getty.slice.
[   11.947830] cloud-init[532]: Cloud-init v. 18.5-45-g3554ffe8-0ubuntu1~16.04.1 running 'init-local' at Fri, 31 May 2019 10:38:23 +0000. Up 11.36 seconds.
[[0;32m  OK  [0m] Started Initial cloud-init job (pre-networking).
[[0;32m  OK  [0m] Reached target Network (Pre).
         Starting Raise network interfaces...
[[0;32m  OK  [0m] Started Raise network interfaces.
[[0;32m  OK  [0m] Reached target Network.
         Starting Initial cloud-init job (metadata service crawler)...
[   14.121706] cloud-init[959]: Cloud-init v. 18.5-45-g3554ffe8-0ubuntu1~16.04.1 running 'init' at Fri, 31 May 2019 10:38:25 +0000. Up 12.85 seconds.
[   14.136753] cloud-init[959]: ci-info: ++++++++++++++++++++++++++++++++++++++Net device info+++++++++++++++++++++++++++++++++++++++
[   14.150825] cloud-init[959]: ci-info: +--------+-------+----------------------------+---------------+--------+-------------------+
[   14.174106] cloud-init[959]: ci-info: | Device |   Up  |          Address           |      Mask     | Scope  |     Hw-Address    |
[   14.197957] cloud-init[959]: ci-info: +--------+-------+----------------------------+---------------+--------+-------------------+
[   14.213588] cloud-init[959]: ci-info: | enp0s3 |  True |         10.0.2.15          | 255.255.255.0 | global | 02:3a:f4:24:e2:72 |
[   14.231013] cloud-init[959]: ci-info: | enp0s3 |  True | fe80::3a:f4ff:fe24:e272/64 |       .       |  link  | 02:3a:f4:24:e2:72 |
[   14.246980] cloud-init[959]: ci-info: | enp0s8 | False |             .              |       .       |   .    | 08:00:27:c9:0d:7c |
[   14.260206] cloud-init[959]: ci-info: |   lo   |  True |         127.0.0.1          |   255.0.0.0   |  host  |         .         |
[   14.272397] cloud-init[959]: ci-info: |   lo   |  True |          ::1/128           |       .       |  host  |         .         |
[   14.278451] cloud-init[959]: ci-info: +--------+-------+----------------------------+---------------+--------+-------------------+
[   14.283081] cloud-init[959]: ci-info: +++++++++++++++++++++++++++Route IPv4 info++++++++++++++++++++++++++++
[   14.306032] cloud-init[959]: ci-info: +-------+-------------+----------+---------------+-----------+-------+
[   14.317193] cloud-init[959]: ci-info: | Route | Destination | Gateway  |    Genmask    | Interface | Flags |
[   14.324958] cloud-init[959]: ci-info: +-------+-------------+----------+---------------+-----------+-------+
[   14.336983] cloud-init[959]: ci-info: |   0   |   0.0.0.0   | 10.0.2.2 |    0.0.0.0    |   enp0s3  |   UG  |
[   14.342897] cloud-init[959]: ci-info: |   1   |   10.0.2.0  | 0.0.0.0  | 255.255.255.0 |   enp0s3  |   U   |
[   14.346682] cloud-init[959]: ci-info: +-------+-------------+----------+---------------+-----------+-------+
[   14.358238] cloud-init[959]: ci-info: +++++++++++++++++++Route IPv6 info+++++++++++++++++++
[   14.361988] cloud-init[959]: ci-info: +-------+-------------+---------+-----------+-------+
[   14.367432] cloud-init[959]: ci-info: | Route | Destination | Gateway | Interface | Flags |
[   14.380876] cloud-init[959]: ci-info: +-------+-------------+---------+-----------+-------+
[[0;32m  OK  [0m] Started Initial cloud-init job (metadata service crawler).
[   14.389883] cloud-init[959]: ci-info: |   0   |  fe80::/64  |    ::   |   enp0s3  |   U   |
[   14.401185] cloud-init[959]: ci-info: |   3   |   ff00::/8  |    ::   |   enp0s3  |   U   |
[   14.405972] cloud-init[959]: ci-info: +-------+-------------+---------+-----------+-------+
[[0;32m  OK  [0m] Reached target Cloud-config availability.
[[0;32m  OK  [0m] Reached target System Initialization.
         Starting Socket activation for snappy daemon.
[   14.413991] cloud-init[959]: Generating public/private rsa key pair.
[[0;32m  OK  [0m] Listening on ACPID Listen Socket.
[   14.442059] cloud-init[959]: Your identification has been saved in /etc/ssh/ssh_host_rsa_key.
[   14.452760] cloud-init[959]: Your public key has been saved in /etc/ssh/ssh_host_rsa_key.pub.
[[0;32m  OK  [0m] Started ACPI Events Check.
[[0;32m  OK  [0m] Reached target Paths.
[[0;32m  OK  [0m] Started Daily Cleanup of Temporary Directories.
[[0;32m  OK  [0m] Started Daily apt download activities.
[   14.458381] cloud-init[959]: The key fingerprint is:
[   14.476924] cloud-init[959]: SHA256:4PF9z/7YbZg1Xu2XxN0Aj1m86PvO5mb9w0blGX7fC8I root@ubuntu-xenial
[[0;32m  OK  [0m] Started Daily apt upgrade and clean activities.
[[0;32m  OK  [0m] Reached target Timers.
[   14.486163] cloud-init[959]: The key's randomart image is:
[[0;32m  OK  [0m] Listening on D-Bus System Message Bus Socket.
[   14.498152] cloud-init[959]: +---[RSA 2048]----+
         Starting LXD - unix socket.
[   14.504118] [[0;32m  OK  [0m] Listening on UUID daemon activation socket.
[[0;32m  OK  [0m] Reached target Network is Online.
cloud-init[959]: |             .   |
[   14.521027]          Starting iSCSI initiator daemon (iscsid)...
cloud-init[959]: |            . o  |
[   14.526370] cloud-init[959]: [[0;32m  OK  [0m] Listening on Socket activation for snappy daemon.
[[0;32m  OK  [0m] Listening on LXD - unix socket.
[[0;32m  OK  [0m] Reached target Sockets.
[[0;32m  OK  [0m] Reached target Basic System.
         Starting LSB: MD monitoring daemon...
         Starting System Logging Service...
         Starting LSB: Record successful boot for GRUB...
[[0;32m  OK  [0m] Started Unattended Upgrades Shutdown.
[[0;32m  OK  [0m] Started Deferred execution scheduler.
         Starting Login Service...
         Starting LXD - container startup/shutdown...
         Starting Accounts Service...
         Starting /etc/rc.local Compatibility...
[[0;32m  OK  [0m] Started Regular background program processing daemon.
         Starting Virtualbox guest utils...
[[0;32m  OK  [0m] Started D-Bus System Message Bus.
|      o      B . |
[   14.659532] cloud-init[959]: |     . + .  + +..|
[   14.682096] cloud-init[959]: |      . S ... ooB|
[   14.691927] cloud-init[959]: |          ...o BO|
[   14.702081] cloud-init[959]: |           E oB*B|
[   14.710175] cloud-init[959]: |            ooBOO|
[   14.715354] cloud-init[959]: |             BO+X|
[   14.722663] cloud-init[959]: +----[SHA256]-----+
[   14.728665] cloud-init[959]: Generating public/private dsa key pair.
[   14.741038] cloud-init[959]: Your identification has been saved in /etc/ssh/ssh_host_dsa_key.
[   14.757472] cloud-init[959]: Your public key has been saved in /etc/ssh/ssh_host_dsa_key.pub.
[   14.773777] cloud-init[959]: The key fingerprint is:
[   14.793766] cloud-init[959]: SHA256:P2JZqwakBPqIpl1dQoOGgVx/j9tyIDBNDG169ZIp24Q root@ubuntu-xenial
[   14.806603] cloud-init[959]: The key's randomart image is:
[   14.824279] cloud-init[959]: +---[DSA 1024]----+
[   14.836583] cloud-init[959]: |..o=+o           |
[   14.854171] cloud-init[959]: |..o *+o.         |
[   14.869316] cloud-init[959]: | . =o+oo+        |
[   14.882634] cloud-init[959]: |.  .+E+=+.       |
[   14.895910] cloud-init[959]: |.o ..===S..      |
[   14.900405] cloud-init[959]: |o.. o.+.++ .     |
[   14.909144] cloud-init[959]: |o. .   ++o+      |
[   14.911854] cloud-init[959]: |. .    .+o .     |
[   14.916828] cloud-init[959]: |       ..        |
[   14.924845] cloud-init[959]: +----[SHA256]-----+
[   14.928877] cloud-init[959]: Generating public/private ecdsa key pair.
[   14.936756] [[0;32m  OK  [0m] Started FUSE filesystem for LXC.
cloud-init[959]: Your identification has been saved in /etc/ssh/ssh_host_ecdsa_key.
[[0;32m  OK  [0m] Started ACPI event daemon.
[   14.944766]          Starting Pollinate to seed the pseudo random number generator...
cloud-init[959]: Your public key has been saved in /etc/ssh/ssh_host_ecdsa_key.pub.         Starting Snappy daemon...
[[0;32m  OK  [0m] Started System Logging Service.
[[0;32m  OK  [0m] Started /etc/rc.local Compatibility.

[   14.988989] cloud-init[959]: [[0;32m  OK  [0m] Started iSCSI initiator daemon (iscsid).
The key fingerprint is:
[   15.019266] cloud-init[959]: SHA256:/pwCvaFvWBhGCop0nl36RAaAa4ansXdIBtX+h0ITgRE root@ubuntu-xenial
[   15.027218] cloud-init[959]: The key's randomart image is:
[   15.031290] cloud-init[959]: +---[ECDSA 256]---+
[   15.038131] cloud-init[959]: | .E*oo.          |
[   15.045796] cloud-init[959]: |.oo.o .+         |
[   15.049609] cloud-init[959]: |+o+oo+=          |
[   15.056786] cloud-init[959]: |=++o=oo.         |
[   15.069326] cloud-init[959]: |oB o +o=S        |
[   15.073348] cloud-init[959]: |o o o =o=        |
[   15.096886] cloud-init[959]: | . . . *.o       |
[   15.102313] cloud-init[959]: |      o +o .     |
[   15.109455] cloud-init[959]: |       o..+      |
[   15.118964] cloud-init[959]: +----[SHA256]-----+
[   15.151584] [[0;32m  OK  [0m] Started Login Service.
cloud-init[959]: Generating public/private ed25519 key pair.
[   15.165141] cloud-init[959]: Your identification has been saved in /etc/ssh/ssh_host_ed25519_key.
[   15.170332] cloud-init[959]: Your public key has been saved in /etc/ssh/ssh_host_ed25519_key.pub.
         Starting Authenticate and Authorize Users to Run Privileged Tasks...
         Starting Login to default iSCSI targets...
[[0;32m  OK  [0m] Started LSB: MD monitoring daemon.
[[0;32m  OK  [0m] Started LSB: Record successful boot for GRUB.
[   15.191590] cloud-init[959]: The key fingerprint is:
[   15.227518] cloud-init[959]: SHA256:lSRi06RiWapDMXd9WPXPmPTB0cQ837kLF5M4r61UF9M root@ubuntu-xenial
[   15.238978] cloud-init[959]: The key's randomart image is:
[   15.255296] cloud-init[959]: +--[ED25519 256]--+
[   15.270661] cloud-init[959]: |  o . *+ooo..  =o|
[   15.288474] cloud-init[959]: |   + * ++o.. ...*|
[   15.298771] cloud-init[959]: |  . = .  .o   +=E|
[   15.327944] cloud-init[959]: | . o .   .   + @*|
[   15.332762] cloud-init[959]: |  o     S     =.O|
[   15.339960] cloud-init[959]: |   .         ..+.|
[   15.348530] cloud-init[959]: |             .= .|
[   15.349081] cloud-init[959]: |            .. o |
[[0;32m  OK  [0m] Started LXD - container startup/shutdown.
[   15.349937] cloud-init[959]: |             ..  |
[   15.363987] cloud-init[959]: +----[SHA256]-----+
[[0;32m  OK  [0m] Started Login to default iSCSI targets.
[[0;32m  OK  [0m] Started Authenticate and Authorize Users to Run Privileged Tasks.
[[0;32m  OK  [0m] Started Accounts Service.
[[0;32m  OK  [0m] Reached target Remote File Systems (Pre).
[[0;32m  OK  [0m] Reached target Remote File Systems.
         Starting LSB: automatic crash report generation...
         Starting Permit User Sessions...
         Starting LSB: daemon to balance interrupts for SMP systems...
         Starting LSB: Set the CPU Frequency Scaling governor to "ondemand"...
[[0;32m  OK  [0m] Started Virtualbox guest utils.
[[0;32m  OK  [0m] Started Permit User Sessions.
         Starting Terminate Plymouth Boot Screen...
         Starting Hold until boot process finishes up...
[[0;32m  OK  [0m] Started LSB: Set the CPU Frequency Scaling governor to "ondemand".
[[0;32m  OK  [0m] Started Terminate Plymouth Boot Screen.
[[0;32m  OK  [0m] Started Hold until boot process finishes up.
[[0;32m  OK  [0m] Started LSB: daemon to balance interrupts for SMP systems.
[[0;32m  OK  [0m] Started LSB: automatic crash report generation.
[[0;32m  OK  [0m] Started Getty on tty1.
         Starting Set console scheme...
[[0;32m  OK  [0m] Started Serial Getty on ttyS0.
[[0;32m  OK  [0m] Reached target Login Prompts.
[[0;32m  OK  [0m] Started Set console scheme.
[[0;32m  OK  [0m] Started Snappy daemon.
         Starting Wait until snapd is fully seeded...
[[0;32m  OK  [0m] Started Pollinate to seed the pseudo random number generator.
         Starting OpenBSD Secure Shell server...
[[0;32m  OK  [0m] Started OpenBSD Secure Shell server.
[[0;32m  OK  [0m] Created slice User Slice of vagrant.
         Starting User Manager for UID 1000...
[[0;32m  OK  [0m] Started Session 1 of user vagrant.
[[0;32m  OK  [0m] Started User Manager for UID 1000.
[[0;32m  OK  [0m] Started Wait until snapd is fully seeded.
[[0;32m  OK  [0m] Reached target Multi-User System.
[[0;32m  OK  [0m] Reached target Graphical Interface.
         Starting Update UTMP about System Runlevel Changes...
         Starting Apply the settings specified in cloud-config...
[[0;32m  OK  [0m] Started Update UTMP about System Runlevel Changes.
         Stopping User Manager for UID 1000...
[[0;32m  OK  [0m] Stopped User Manager for UID 1000.
[[0;32m  OK  [0m] Removed slice User Slice of vagrant.
[[0;32m  OK  [0m] Created slice User Slice of vagrant.
         Starting User Manager for UID 1000...
[[0;32m  OK  [0m] Started Session 2 of user vagrant.
[[0;32m  OK  [0m] Started User Manager for UID 1000.
[   19.776247] cloud-init[1517]: Generating locales (this might take a while)...
[   21.468748] cloud-init[1517]:   en_US.UTF-8... done
[   21.473191] cloud-init[1517]: Generation complete.

Ubuntu 16.04.6 LTS ubuntu-xenial ttyS0

ubuntu-xenial login: [   22.494050] cloud-init[1517]: Cloud-init v. 18.5-45-g3554ffe8-0ubuntu1~16.04.1 running 'modules:config' at Fri, 31 May 2019 10:38:31 +0000. Up 19.55 seconds.
ci-info: no authorized ssh keys fingerprints found for user ubuntu.
<14>May 31 10:38:36 ec2: 
<14>May 31 10:38:36 ec2: #############################################################
<14>May 31 10:38:36 ec2: -----BEGIN SSH HOST KEY FINGERPRINTS-----
<14>May 31 10:38:36 ec2: 1024 SHA256:P2JZqwakBPqIpl1dQoOGgVx/j9tyIDBNDG169ZIp24Q root@ubuntu-xenial (DSA)
<14>May 31 10:38:36 ec2: 256 SHA256:/pwCvaFvWBhGCop0nl36RAaAa4ansXdIBtX+h0ITgRE root@ubuntu-xenial (ECDSA)
<14>May 31 10:38:36 ec2: 256 SHA256:lSRi06RiWapDMXd9WPXPmPTB0cQ837kLF5M4r61UF9M root@ubuntu-xenial (ED25519)
<14>May 31 10:38:36 ec2: 2048 SHA256:4PF9z/7YbZg1Xu2XxN0Aj1m86PvO5mb9w0blGX7fC8I root@ubuntu-xenial (RSA)
<14>May 31 10:38:36 ec2: -----END SSH HOST KEY FINGERPRINTS-----
<14>May 31 10:38:36 ec2: #############################################################
-----BEGIN SSH HOST KEY KEYS-----
ecdsa-sha2-nistp256 AAAAE2VjZHNhLXNoYTItbmlzdHAyNTYAAAAIbmlzdHAyNTYAAABBBFz5DbK9opbU/RUdnpYLKFtFFIvCzSwcQMlHDLnioBL5MD9to8fmiWhP6qGDeZnRGRp+yiIKBCfG1uwapAPjRzk= root@ubuntu-xenial
ssh-ed25519 AAAAC3NzaC1lZDI1NTE5AAAAIBTI1aJZP4NfgRoydfKzg7IZg9AAyMQJTIYYbhTpEB7K root@ubuntu-xenial
ssh-rsa AAAAB3NzaC1yc2EAAAADAQABAAABAQCreb6suYIZcgoJue4odUyYVr/CfZbFRRCP4/cmlp8xvLyxtsX5bwt7PSThP/D6Hmo74PmtdCor32eGWDnFzxTGp2g6Yhi4+Sj/A/kMvCGsZEyz1T6bPKk2dAByjLWiT4LMHOX862CeWMi7Vd/D8rLjhbdFxJjhJz0Gk4KJIXpmds56JrTnIRkI3qdO5dzOyNmE5z4cKojPemqUGOfxLE/fsXTHrLi3KVvd2R1yGTLTglK456dQlWVnVbZUZh4b/W+3OhjZwh/jcxvFpqgoaWEXpDj2e8D0e14wv3NdrnNYJTGR4pfLOuXYzOHShPDD6+1yQEzZuNcHDx/FkHlW1ghZ root@ubuntu-xenial
-----END SSH HOST KEY KEYS-----
[   23.722668] cloud-init[1874]: Cloud-init v. 18.5-45-g3554ffe8-0ubuntu1~16.04.1 running 'modules:final' at Fri, 31 May 2019 10:38:35 +0000. Up 23.36 seconds.
[   23.729133] cloud-init[1874]: ci-info: no authorized ssh keys fingerprints found for user ubuntu.
[   23.732934] cloud-init[1874]: Cloud-init v. 18.5-45-g3554ffe8-0ubuntu1~16.04.1 finished at Fri, 31 May 2019 10:38:36 +0000. Datasource DataSourceNoCloud [seed=/dev/sdb][dsmode=net].  Up 23.69 seconds
